tput: No value for $TERM and no -T specified
vocab.t7 or data.t7 detected as stale. Re-running preprocessing...	
one-time setup: preprocessing input text file /home/ubuntu/scimirrorbot/dat/training/input.txt...	
loading text file...	
creating vocabulary mapping...	
putting data into tensor...	
saving /home/ubuntu/scimirrorbot/dat/training/vocab.t7	
saving /home/ubuntu/scimirrorbot/dat/training/data.t7	
loading data files...	
cutting off end of data so that the batches/sequences divide evenly	
reshaping tensor...	
data load done. Number of data batches in train: 227, val: 12, test: 0	
vocab size: 171	
creating an lstm with 2 layers	
setting forget gate biases to 1 in LSTM layer 1	
setting forget gate biases to 1 in LSTM layer 2	
number of parameters in the model: 308267	
cloning rnn	
cloning criterion	
1/11350 (epoch 0.004), train_loss = 5.15441183, grad/param norm = 5.2321e-01, time/batch = 0.7236s	
2/11350 (epoch 0.009), train_loss = 4.78839134, grad/param norm = 1.7956e+00, time/batch = 0.6868s	
3/11350 (epoch 0.013), train_loss = 3.91956884, grad/param norm = 1.5333e+00, time/batch = 0.6841s	
4/11350 (epoch 0.018), train_loss = 3.56385711, grad/param norm = 8.0581e-01, time/batch = 0.6880s	
5/11350 (epoch 0.022), train_loss = 3.58378185, grad/param norm = 6.7899e-01, time/batch = 0.6869s	
6/11350 (epoch 0.026), train_loss = 3.50571837, grad/param norm = 7.8721e-01, time/batch = 0.6862s	
7/11350 (epoch 0.031), train_loss = 3.37317731, grad/param norm = 7.9840e-01, time/batch = 0.6860s	
8/11350 (epoch 0.035), train_loss = 3.51261883, grad/param norm = 7.0321e-01, time/batch = 0.6846s	
9/11350 (epoch 0.040), train_loss = 3.45457666, grad/param norm = 6.7811e-01, time/batch = 0.6843s	
10/11350 (epoch 0.044), train_loss = 3.61191825, grad/param norm = 5.6101e-01, time/batch = 0.6836s	
11/11350 (epoch 0.048), train_loss = 3.58012411, grad/param norm = 6.0762e-01, time/batch = 0.6860s	
12/11350 (epoch 0.053), train_loss = 3.49454644, grad/param norm = 5.7601e-01, time/batch = 0.6860s	
13/11350 (epoch 0.057), train_loss = 3.52739418, grad/param norm = 6.2316e-01, time/batch = 0.6867s	
14/11350 (epoch 0.062), train_loss = 3.50982467, grad/param norm = 5.5569e-01, time/batch = 0.6831s	
15/11350 (epoch 0.066), train_loss = 3.56044621, grad/param norm = 6.1981e-01, time/batch = 0.6847s	
16/11350 (epoch 0.070), train_loss = 3.45696276, grad/param norm = 6.8516e-01, time/batch = 0.6841s	
17/11350 (epoch 0.075), train_loss = 3.37575410, grad/param norm = 6.7806e-01, time/batch = 0.6836s	
18/11350 (epoch 0.079), train_loss = 3.53293827, grad/param norm = 5.7294e-01, time/batch = 0.6848s	
19/11350 (epoch 0.084), train_loss = 3.43679463, grad/param norm = 5.7158e-01, time/batch = 0.6865s	
20/11350 (epoch 0.088), train_loss = 3.46781632, grad/param norm = 5.8316e-01, time/batch = 0.6854s	
21/11350 (epoch 0.093), train_loss = 3.28906269, grad/param norm = 5.7747e-01, time/batch = 0.6881s	
22/11350 (epoch 0.097), train_loss = 3.59803342, grad/param norm = 6.2898e-01, time/batch = 0.6931s	
23/11350 (epoch 0.101), train_loss = 3.44888930, grad/param norm = 6.8877e-01, time/batch = 0.6927s	
24/11350 (epoch 0.106), train_loss = 3.63957236, grad/param norm = 5.7350e-01, time/batch = 0.6813s	
25/11350 (epoch 0.110), train_loss = 3.45697571, grad/param norm = 7.4800e-01, time/batch = 0.6825s	
26/11350 (epoch 0.115), train_loss = 3.55669989, grad/param norm = 5.4606e-01, time/batch = 0.6912s	
27/11350 (epoch 0.119), train_loss = 3.45364227, grad/param norm = 4.4771e-01, time/batch = 0.6879s	
28/11350 (epoch 0.123), train_loss = 3.42939464, grad/param norm = 6.8247e-01, time/batch = 0.6870s	
29/11350 (epoch 0.128), train_loss = 3.43880970, grad/param norm = 6.1139e-01, time/batch = 0.6894s	
30/11350 (epoch 0.132), train_loss = 3.39344121, grad/param norm = 6.2750e-01, time/batch = 0.7023s	
31/11350 (epoch 0.137), train_loss = 3.45747235, grad/param norm = 6.9510e-01, time/batch = 0.6916s	
32/11350 (epoch 0.141), train_loss = 3.45864992, grad/param norm = 5.1812e-01, time/batch = 0.6887s	
33/11350 (epoch 0.145), train_loss = 3.55734591, grad/param norm = 7.0905e-01, time/batch = 0.6901s	
34/11350 (epoch 0.150), train_loss = 3.57499297, grad/param norm = 5.4953e-01, time/batch = 0.6840s	
35/11350 (epoch 0.154), train_loss = 3.61290500, grad/param norm = 5.4795e-01, time/batch = 0.6868s	
36/11350 (epoch 0.159), train_loss = 3.42653997, grad/param norm = 5.2669e-01, time/batch = 0.7176s	
37/11350 (epoch 0.163), train_loss = 3.41552410, grad/param norm = 5.5365e-01, time/batch = 0.7218s	
38/11350 (epoch 0.167), train_loss = 3.45262573, grad/param norm = 6.9097e-01, time/batch = 0.7013s	
39/11350 (epoch 0.172), train_loss = 3.61573599, grad/param norm = 7.4103e-01, time/batch = 0.6973s	
40/11350 (epoch 0.176), train_loss = 3.49826981, grad/param norm = 5.6012e-01, time/batch = 0.7044s	
41/11350 (epoch 0.181), train_loss = 3.52626436, grad/param norm = 7.6981e-01, time/batch = 0.7212s	
42/11350 (epoch 0.185), train_loss = 3.56948414, grad/param norm = 5.5182e-01, time/batch = 0.7187s	
43/11350 (epoch 0.189), train_loss = 3.44301228, grad/param norm = 6.6996e-01, time/batch = 0.7174s	
44/11350 (epoch 0.194), train_loss = 3.46396601, grad/param norm = 6.2518e-01, time/batch = 0.7059s	
45/11350 (epoch 0.198), train_loss = 3.51541513, grad/param norm = 6.0189e-01, time/batch = 0.6855s	
46/11350 (epoch 0.203), train_loss = 3.56575788, grad/param norm = 5.6023e-01, time/batch = 0.6886s	
47/11350 (epoch 0.207), train_loss = 3.47320435, grad/param norm = 7.2516e-01, time/batch = 0.6835s	
48/11350 (epoch 0.211), train_loss = 3.54526132, grad/param norm = 8.4808e-01, time/batch = 0.6811s	
49/11350 (epoch 0.216), train_loss = 3.50150029, grad/param norm = 6.7090e-01, time/batch = 0.6844s	
50/11350 (epoch 0.220), train_loss = 3.41871736, grad/param norm = 6.8081e-01, time/batch = 0.6863s	
51/11350 (epoch 0.225), train_loss = 3.45105622, grad/param norm = 5.5105e-01, time/batch = 0.6856s	
52/11350 (epoch 0.229), train_loss = 3.66066713, grad/param norm = 8.4077e-01, time/batch = 0.6841s	
53/11350 (epoch 0.233), train_loss = 3.50662570, grad/param norm = 7.5264e-01, time/batch = 0.6828s	
54/11350 (epoch 0.238), train_loss = 3.64629613, grad/param norm = 7.0095e-01, time/batch = 0.6832s	
55/11350 (epoch 0.242), train_loss = 3.44160841, grad/param norm = 6.1399e-01, time/batch = 0.6849s	
56/11350 (epoch 0.247), train_loss = 3.53151336, grad/param norm = 5.4357e-01, time/batch = 0.6876s	
57/11350 (epoch 0.251), train_loss = 3.48746662, grad/param norm = 4.4032e-01, time/batch = 0.6851s	
58/11350 (epoch 0.256), train_loss = 3.71329895, grad/param norm = 5.8520e-01, time/batch = 0.6860s	
59/11350 (epoch 0.260), train_loss = 3.57305474, grad/param norm = 5.7810e-01, time/batch = 0.6851s	
60/11350 (epoch 0.264), train_loss = 3.37264630, grad/param norm = 6.4367e-01, time/batch = 0.6838s	
61/11350 (epoch 0.269), train_loss = 3.55106767, grad/param norm = 6.7405e-01, time/batch = 0.6835s	
62/11350 (epoch 0.273), train_loss = 3.49299330, grad/param norm = 7.2145e-01, time/batch = 0.6852s	
63/11350 (epoch 0.278), train_loss = 3.43025009, grad/param norm = 5.8864e-01, time/batch = 0.6821s	
64/11350 (epoch 0.282), train_loss = 3.61747222, grad/param norm = 6.4807e-01, time/batch = 0.6836s	
65/11350 (epoch 0.286), train_loss = 3.39108239, grad/param norm = 7.6515e-01, time/batch = 0.6831s	
66/11350 (epoch 0.291), train_loss = 3.51418324, grad/param norm = 8.6753e-01, time/batch = 0.6806s	
67/11350 (epoch 0.295), train_loss = 3.47119011, grad/param norm = 6.3239e-01, time/batch = 0.6851s	
68/11350 (epoch 0.300), train_loss = 3.46825928, grad/param norm = 6.0444e-01, time/batch = 0.6822s	
69/11350 (epoch 0.304), train_loss = 3.48772403, grad/param norm = 4.5922e-01, time/batch = 0.6787s	
70/11350 (epoch 0.308), train_loss = 3.65495833, grad/param norm = 6.5641e-01, time/batch = 0.6815s	
71/11350 (epoch 0.313), train_loss = 3.47715501, grad/param norm = 5.6551e-01, time/batch = 0.6823s	
72/11350 (epoch 0.317), train_loss = 3.48187367, grad/param norm = 5.4177e-01, time/batch = 0.6816s	
73/11350 (epoch 0.322), train_loss = 3.40930727, grad/param norm = 5.4973e-01, time/batch = 0.6854s	
74/11350 (epoch 0.326), train_loss = 3.53934662, grad/param norm = 7.6365e-01, time/batch = 0.6803s	
75/11350 (epoch 0.330), train_loss = 3.34750959, grad/param norm = 5.9094e-01, time/batch = 0.6820s	
76/11350 (epoch 0.335), train_loss = 3.45674882, grad/param norm = 6.4769e-01, time/batch = 0.6837s	
77/11350 (epoch 0.339), train_loss = 3.35585628, grad/param norm = 5.9769e-01, time/batch = 0.6877s	
78/11350 (epoch 0.344), train_loss = 3.41642576, grad/param norm = 4.5810e-01, time/batch = 0.7118s	
79/11350 (epoch 0.348), train_loss = 3.39304085, grad/param norm = 4.4899e-01, time/batch = 0.7163s	
80/11350 (epoch 0.352), train_loss = 3.42919492, grad/param norm = 7.6714e-01, time/batch = 0.6945s	
81/11350 (epoch 0.357), train_loss = 3.53026527, grad/param norm = 6.6217e-01, time/batch = 0.6949s	
82/11350 (epoch 0.361), train_loss = 3.35654410, grad/param norm = 6.5492e-01, time/batch = 0.6819s	
83/11350 (epoch 0.366), train_loss = 3.58071874, grad/param norm = 5.9706e-01, time/batch = 0.6822s	
84/11350 (epoch 0.370), train_loss = 3.57572758, grad/param norm = 6.4221e-01, time/batch = 0.6833s	
85/11350 (epoch 0.374), train_loss = 3.65711491, grad/param norm = 5.3690e-01, time/batch = 0.6841s	
86/11350 (epoch 0.379), train_loss = 3.40831442, grad/param norm = 6.3836e-01, time/batch = 0.6827s	
87/11350 (epoch 0.383), train_loss = 3.50331177, grad/param norm = 6.4627e-01, time/batch = 0.6847s	
88/11350 (epoch 0.388), train_loss = 3.47215556, grad/param norm = 4.9602e-01, time/batch = 0.6848s	
89/11350 (epoch 0.392), train_loss = 3.37586978, grad/param norm = 7.1447e-01, time/batch = 0.6824s	
90/11350 (epoch 0.396), train_loss = 3.48859408, grad/param norm = 7.5058e-01, time/batch = 0.7218s	
91/11350 (epoch 0.401), train_loss = 3.42705499, grad/param norm = 5.7494e-01, time/batch = 0.6957s	
92/11350 (epoch 0.405), train_loss = 3.42518289, grad/param norm = 4.7021e-01, time/batch = 0.6875s	
93/11350 (epoch 0.410), train_loss = 3.47834718, grad/param norm = 5.0553e-01, time/batch = 0.6843s	
94/11350 (epoch 0.414), train_loss = 3.41212946, grad/param norm = 5.5002e-01, time/batch = 0.6891s	
95/11350 (epoch 0.419), train_loss = 4.23336876, grad/param norm = 9.2418e-01, time/batch = 0.6852s	
96/11350 (epoch 0.423), train_loss = 3.86352278, grad/param norm = 5.2343e-01, time/batch = 0.6840s	
97/11350 (epoch 0.427), train_loss = 3.52964868, grad/param norm = 6.1159e-01, time/batch = 0.7018s	
98/11350 (epoch 0.432), train_loss = 3.97183683, grad/param norm = 6.4249e-01, time/batch = 0.7207s	
99/11350 (epoch 0.436), train_loss = 4.25352447, grad/param norm = 6.7157e-01, time/batch = 0.6813s	
100/11350 (epoch 0.441), train_loss = 3.84695628, grad/param norm = 6.3620e-01, time/batch = 0.6836s	
101/11350 (epoch 0.445), train_loss = 3.61810811, grad/param norm = 3.9703e-01, time/batch = 0.6851s	
102/11350 (epoch 0.449), train_loss = 3.50924631, grad/param norm = 4.4136e-01, time/batch = 0.6834s	
103/11350 (epoch 0.454), train_loss = 3.50802865, grad/param norm = 6.1149e-01, time/batch = 0.6853s	
104/11350 (epoch 0.458), train_loss = 3.41439515, grad/param norm = 6.1529e-01, time/batch = 0.6841s	
105/11350 (epoch 0.463), train_loss = 3.46571199, grad/param norm = 4.8096e-01, time/batch = 0.6841s	
106/11350 (epoch 0.467), train_loss = 3.47253997, grad/param norm = 4.5458e-01, time/batch = 0.6850s	
107/11350 (epoch 0.471), train_loss = 3.33372569, grad/param norm = 5.5800e-01, time/batch = 0.6963s	
108/11350 (epoch 0.476), train_loss = 3.48280553, grad/param norm = 6.3642e-01, time/batch = 0.7229s	
109/11350 (epoch 0.480), train_loss = 3.90279501, grad/param norm = 7.5879e-01, time/batch = 0.6836s	
110/11350 (epoch 0.485), train_loss = 3.64080803, grad/param norm = 4.9476e-01, time/batch = 0.6838s	
111/11350 (epoch 0.489), train_loss = 3.42580126, grad/param norm = 4.9066e-01, time/batch = 0.6836s	
112/11350 (epoch 0.493), train_loss = 3.46093243, grad/param norm = 5.8942e-01, time/batch = 0.6842s	
113/11350 (epoch 0.498), train_loss = 3.37521691, grad/param norm = 4.6597e-01, time/batch = 0.6845s	
114/11350 (epoch 0.502), train_loss = 3.47464758, grad/param norm = 4.9141e-01, time/batch = 0.6851s	
115/11350 (epoch 0.507), train_loss = 3.35311352, grad/param norm = 6.0257e-01, time/batch = 0.6887s	
116/11350 (epoch 0.511), train_loss = 3.33625689, grad/param norm = 5.3272e-01, time/batch = 0.6965s	
117/11350 (epoch 0.515), train_loss = 3.43330911, grad/param norm = 5.8711e-01, time/batch = 0.6979s	
118/11350 (epoch 0.520), train_loss = 3.37828307, grad/param norm = 6.2816e-01, time/batch = 0.7156s	
119/11350 (epoch 0.524), train_loss = 3.55689723, grad/param norm = 4.7669e-01, time/batch = 0.6866s	
120/11350 (epoch 0.529), train_loss = 3.76107364, grad/param norm = 4.9055e-01, time/batch = 0.6875s	
121/11350 (epoch 0.533), train_loss = 3.58635764, grad/param norm = 6.6627e-01, time/batch = 0.6857s	
122/11350 (epoch 0.537), train_loss = 3.48313734, grad/param norm = 6.0780e-01, time/batch = 0.6859s	
123/11350 (epoch 0.542), train_loss = 3.65533378, grad/param norm = 5.4497e-01, time/batch = 0.6859s	
124/11350 (epoch 0.546), train_loss = 3.72693532, grad/param norm = 5.4057e-01, time/batch = 0.6821s	
125/11350 (epoch 0.551), train_loss = 3.64370713, grad/param norm = 4.8508e-01, time/batch = 0.6871s	
126/11350 (epoch 0.555), train_loss = 4.78209915, grad/param norm = 4.4458e+00, time/batch = 0.6817s	
127/11350 (epoch 0.559), train_loss = 3.49992238, grad/param norm = 3.2675e-01, time/batch = 0.6825s	
128/11350 (epoch 0.564), train_loss = 3.38102133, grad/param norm = 4.2155e-01, time/batch = 0.6828s	
129/11350 (epoch 0.568), train_loss = 3.39051254, grad/param norm = 3.5128e-01, time/batch = 0.6905s	
130/11350 (epoch 0.573), train_loss = 3.40591054, grad/param norm = 2.6006e-01, time/batch = 0.6853s	
131/11350 (epoch 0.577), train_loss = 3.39548977, grad/param norm = 3.6159e-01, time/batch = 0.6850s	
132/11350 (epoch 0.581), train_loss = 3.27869265, grad/param norm = 5.2479e-01, time/batch = 0.6830s	
133/11350 (epoch 0.586), train_loss = 3.32684124, grad/param norm = 5.2133e-01, time/batch = 0.6852s	
134/11350 (epoch 0.590), train_loss = 3.47870001, grad/param norm = 6.4812e-01, time/batch = 0.6830s	
135/11350 (epoch 0.595), train_loss = 3.38406462, grad/param norm = 3.9704e-01, time/batch = 0.6882s	
136/11350 (epoch 0.599), train_loss = 3.43418369, grad/param norm = 4.2673e-01, time/batch = 0.6823s	
137/11350 (epoch 0.604), train_loss = 3.67191768, grad/param norm = 4.7190e-01, time/batch = 0.6843s	
138/11350 (epoch 0.608), train_loss = 3.57660421, grad/param norm = 4.8867e-01, time/batch = 0.6810s	
139/11350 (epoch 0.612), train_loss = 3.27396683, grad/param norm = 4.0579e-01, time/batch = 0.6851s	
140/11350 (epoch 0.617), train_loss = 3.36762840, grad/param norm = 3.9091e-01, time/batch = 0.6830s	
141/11350 (epoch 0.621), train_loss = 3.28627005, grad/param norm = 3.9604e-01, time/batch = 0.6879s	
142/11350 (epoch 0.626), train_loss = 3.36077126, grad/param norm = 4.4843e-01, time/batch = 0.7014s	
143/11350 (epoch 0.630), train_loss = 3.55730064, grad/param norm = 5.9547e-01, time/batch = 0.7075s	
144/11350 (epoch 0.634), train_loss = 3.47454440, grad/param norm = 7.5882e-01, time/batch = 0.7000s	
145/11350 (epoch 0.639), train_loss = 3.29052746, grad/param norm = 6.4708e-01, time/batch = 0.6905s	
146/11350 (epoch 0.643), train_loss = 3.35742139, grad/param norm = 4.9065e-01, time/batch = 0.6728s	
147/11350 (epoch 0.648), train_loss = 3.27365474, grad/param norm = 4.5971e-01, time/batch = 0.6698s	
148/11350 (epoch 0.652), train_loss = 3.16687121, grad/param norm = 4.1674e-01, time/batch = 0.6715s	
149/11350 (epoch 0.656), train_loss = 3.39164267, grad/param norm = 4.8826e-01, time/batch = 0.6683s	
150/11350 (epoch 0.661), train_loss = 3.56940106, grad/param norm = 4.2140e-01, time/batch = 0.6748s	
151/11350 (epoch 0.665), train_loss = 3.46965925, grad/param norm = 5.8345e-01, time/batch = 0.6684s	
152/11350 (epoch 0.670), train_loss = 3.39037363, grad/param norm = 6.3684e-01, time/batch = 0.6694s	
153/11350 (epoch 0.674), train_loss = 3.30834118, grad/param norm = 6.9302e-01, time/batch = 0.6676s	
154/11350 (epoch 0.678), train_loss = 3.35282465, grad/param norm = 7.3382e-01, time/batch = 0.6901s	
155/11350 (epoch 0.683), train_loss = 3.27175423, grad/param norm = 5.2655e-01, time/batch = 0.6691s	
156/11350 (epoch 0.687), train_loss = 3.29027554, grad/param norm = 6.0987e-01, time/batch = 0.6678s	
157/11350 (epoch 0.692), train_loss = 3.37876982, grad/param norm = 5.8871e-01, time/batch = 0.6700s	
158/11350 (epoch 0.696), train_loss = 3.28016333, grad/param norm = 4.2301e-01, time/batch = 0.6684s	
159/11350 (epoch 0.700), train_loss = 3.37427537, grad/param norm = 4.4541e-01, time/batch = 0.6689s	
160/11350 (epoch 0.705), train_loss = 3.32244593, grad/param norm = 3.8146e-01, time/batch = 0.6734s	
161/11350 (epoch 0.709), train_loss = 3.49742578, grad/param norm = 4.0860e-01, time/batch = 0.6696s	
162/11350 (epoch 0.714), train_loss = 3.40890622, grad/param norm = 6.6508e-01, time/batch = 0.6715s	
163/11350 (epoch 0.718), train_loss = 3.47558067, grad/param norm = 1.0896e+00, time/batch = 0.6711s	
164/11350 (epoch 0.722), train_loss = 3.41725016, grad/param norm = 9.8326e-01, time/batch = 0.6711s	
165/11350 (epoch 0.727), train_loss = 3.46530624, grad/param norm = 7.4632e-01, time/batch = 0.6960s	
166/11350 (epoch 0.731), train_loss = 3.48738751, grad/param norm = 4.3513e-01, time/batch = 0.7049s	
167/11350 (epoch 0.736), train_loss = 3.55480894, grad/param norm = 4.7101e-01, time/batch = 0.6876s	
168/11350 (epoch 0.740), train_loss = 3.56777673, grad/param norm = 8.3300e-01, time/batch = 0.7048s	
169/11350 (epoch 0.744), train_loss = 3.56072086, grad/param norm = 1.5242e+00, time/batch = 0.7194s	
170/11350 (epoch 0.749), train_loss = 3.58003075, grad/param norm = 2.7350e+00, time/batch = 0.6922s	
171/11350 (epoch 0.753), train_loss = 3.46697261, grad/param norm = 6.9670e-01, time/batch = 0.6720s	
172/11350 (epoch 0.758), train_loss = 3.19111508, grad/param norm = 5.6157e-01, time/batch = 0.6758s	
173/11350 (epoch 0.762), train_loss = 3.22573982, grad/param norm = 4.0163e-01, time/batch = 0.6728s	
174/11350 (epoch 0.767), train_loss = 3.29320406, grad/param norm = 2.9880e-01, time/batch = 0.6737s	
175/11350 (epoch 0.771), train_loss = 3.42165185, grad/param norm = 4.0678e-01, time/batch = 0.6735s	
176/11350 (epoch 0.775), train_loss = 3.37737015, grad/param norm = 2.9710e-01, time/batch = 0.6712s	
177/11350 (epoch 0.780), train_loss = 3.22649406, grad/param norm = 4.4044e-01, time/batch = 0.6726s	
178/11350 (epoch 0.784), train_loss = 3.28163858, grad/param norm = 5.3598e-01, time/batch = 0.6708s	
179/11350 (epoch 0.789), train_loss = 3.17888423, grad/param norm = 4.4475e-01, time/batch = 0.7108s	
180/11350 (epoch 0.793), train_loss = 3.11720330, grad/param norm = 3.6829e-01, time/batch = 0.6980s	
181/11350 (epoch 0.797), train_loss = 3.14301327, grad/param norm = 2.9675e-01, time/batch = 0.6831s	
182/11350 (epoch 0.802), train_loss = 3.11542686, grad/param norm = 3.7503e-01, time/batch = 0.6968s	
183/11350 (epoch 0.806), train_loss = 3.21810289, grad/param norm = 6.7299e-01, time/batch = 0.6785s	
184/11350 (epoch 0.811), train_loss = 3.29872904, grad/param norm = 1.0502e+00, time/batch = 0.6812s	
185/11350 (epoch 0.815), train_loss = 3.29365508, grad/param norm = 1.0682e+00, time/batch = 0.6725s	
186/11350 (epoch 0.819), train_loss = 3.24617865, grad/param norm = 6.8296e-01, time/batch = 0.6700s	
187/11350 (epoch 0.824), train_loss = 3.20200986, grad/param norm = 5.6075e-01, time/batch = 0.6724s	
188/11350 (epoch 0.828), train_loss = 3.22101507, grad/param norm = 4.1980e-01, time/batch = 0.6684s	
189/11350 (epoch 0.833), train_loss = 3.26590237, grad/param norm = 4.1060e-01, time/batch = 0.7005s	
190/11350 (epoch 0.837), train_loss = 3.09323865, grad/param norm = 3.7910e-01, time/batch = 0.6948s	
191/11350 (epoch 0.841), train_loss = 3.21157891, grad/param norm = 4.3716e-01, time/batch = 0.6714s	
192/11350 (epoch 0.846), train_loss = 3.15293830, grad/param norm = 4.4137e-01, time/batch = 0.6786s	
193/11350 (epoch 0.850), train_loss = 3.22525570, grad/param norm = 7.8400e-01, time/batch = 0.6737s	
194/11350 (epoch 0.855), train_loss = 3.16015671, grad/param norm = 7.2463e-01, time/batch = 0.6764s	
195/11350 (epoch 0.859), train_loss = 3.27574820, grad/param norm = 6.7297e-01, time/batch = 0.6705s	
196/11350 (epoch 0.863), train_loss = 3.15456465, grad/param norm = 5.8259e-01, time/batch = 0.6721s	
197/11350 (epoch 0.868), train_loss = 3.06079421, grad/param norm = 7.1629e-01, time/batch = 0.6767s	
198/11350 (epoch 0.872), train_loss = 3.05269644, grad/param norm = 7.2872e-01, time/batch = 0.6704s	
199/11350 (epoch 0.877), train_loss = 3.24568984, grad/param norm = 3.9341e-01, time/batch = 0.6919s	
200/11350 (epoch 0.881), train_loss = 3.30726169, grad/param norm = 3.4136e-01, time/batch = 0.7055s	
201/11350 (epoch 0.885), train_loss = 3.15766332, grad/param norm = 3.8602e-01, time/batch = 0.6732s	
202/11350 (epoch 0.890), train_loss = 3.16155508, grad/param norm = 3.7606e-01, time/batch = 0.6750s	
203/11350 (epoch 0.894), train_loss = 3.47424461, grad/param norm = 4.9854e-01, time/batch = 0.6765s	
204/11350 (epoch 0.899), train_loss = 3.38777607, grad/param norm = 3.2335e-01, time/batch = 0.6692s	
205/11350 (epoch 0.903), train_loss = 3.53080237, grad/param norm = 8.8513e-01, time/batch = 0.6726s	
206/11350 (epoch 0.907), train_loss = 4.12100255, grad/param norm = 5.8968e+00, time/batch = 0.6744s	
207/11350 (epoch 0.912), train_loss = 3.36178573, grad/param norm = 8.4960e-01, time/batch = 0.6777s	
208/11350 (epoch 0.916), train_loss = 3.18488211, grad/param norm = 7.1048e-01, time/batch = 0.6708s	
209/11350 (epoch 0.921), train_loss = 3.12006187, grad/param norm = 5.8636e-01, time/batch = 0.6804s	
210/11350 (epoch 0.925), train_loss = 3.30977676, grad/param norm = 4.5421e-01, time/batch = 0.7090s	
211/11350 (epoch 0.930), train_loss = 3.10417027, grad/param norm = 4.0747e-01, time/batch = 0.6786s	
212/11350 (epoch 0.934), train_loss = 3.24836503, grad/param norm = 4.7292e-01, time/batch = 0.6728s	
213/11350 (epoch 0.938), train_loss = 3.13852687, grad/param norm = 4.6496e-01, time/batch = 0.6766s	
214/11350 (epoch 0.943), train_loss = 3.19840483, grad/param norm = 4.5194e-01, time/batch = 0.6701s	
215/11350 (epoch 0.947), train_loss = 3.27192930, grad/param norm = 6.6168e-01, time/batch = 0.6711s	
216/11350 (epoch 0.952), train_loss = 3.44896759, grad/param norm = 1.2531e+00, time/batch = 0.6734s	
217/11350 (epoch 0.956), train_loss = 3.41770976, grad/param norm = 1.0777e+00, time/batch = 0.6702s	
218/11350 (epoch 0.960), train_loss = 3.35624137, grad/param norm = 7.2772e-01, time/batch = 0.6729s	
219/11350 (epoch 0.965), train_loss = 3.34686316, grad/param norm = 4.7413e-01, time/batch = 0.6707s	
220/11350 (epoch 0.969), train_loss = 3.21558042, grad/param norm = 4.3639e-01, time/batch = 0.7074s	
221/11350 (epoch 0.974), train_loss = 3.14860003, grad/param norm = 4.2401e-01, time/batch = 0.6884s	
222/11350 (epoch 0.978), train_loss = 3.27498015, grad/param norm = 4.9413e-01, time/batch = 0.6730s	
223/11350 (epoch 0.982), train_loss = 3.03112873, grad/param norm = 4.4575e-01, time/batch = 0.6739s	
224/11350 (epoch 0.987), train_loss = 3.07502121, grad/param norm = 5.0902e-01, time/batch = 0.6697s	
225/11350 (epoch 0.991), train_loss = 2.98508251, grad/param norm = 5.9077e-01, time/batch = 0.6708s	
226/11350 (epoch 0.996), train_loss = 3.12945953, grad/param norm = 5.5894e-01, time/batch = 0.6689s	
227/11350 (epoch 1.000), train_loss = 3.03092376, grad/param norm = 4.3153e-01, time/batch = 0.6697s	
228/11350 (epoch 1.004), train_loss = 3.04450845, grad/param norm = 5.7152e-01, time/batch = 0.6699s	
229/11350 (epoch 1.009), train_loss = 3.26157483, grad/param norm = 1.5584e+00, time/batch = 0.6710s	
230/11350 (epoch 1.013), train_loss = 3.12690803, grad/param norm = 1.6154e+00, time/batch = 0.6709s	
231/11350 (epoch 1.018), train_loss = 3.03966257, grad/param norm = 4.9760e-01, time/batch = 0.6824s	
232/11350 (epoch 1.022), train_loss = 3.07965280, grad/param norm = 5.0088e-01, time/batch = 0.6771s	
233/11350 (epoch 1.026), train_loss = 3.07348282, grad/param norm = 6.2078e-01, time/batch = 0.6737s	
234/11350 (epoch 1.031), train_loss = 2.87773868, grad/param norm = 3.6928e-01, time/batch = 0.6702s	
235/11350 (epoch 1.035), train_loss = 3.08984139, grad/param norm = 3.7810e-01, time/batch = 0.6749s	
236/11350 (epoch 1.040), train_loss = 3.03837407, grad/param norm = 5.1516e-01, time/batch = 0.6826s	
237/11350 (epoch 1.044), train_loss = 3.10802089, grad/param norm = 5.9483e-01, time/batch = 0.6692s	
238/11350 (epoch 1.048), train_loss = 3.12830295, grad/param norm = 5.6260e-01, time/batch = 0.6726s	
239/11350 (epoch 1.053), train_loss = 3.02636771, grad/param norm = 3.8310e-01, time/batch = 0.6710s	
240/11350 (epoch 1.057), train_loss = 3.08210431, grad/param norm = 4.7150e-01, time/batch = 0.6811s	
241/11350 (epoch 1.062), train_loss = 2.95303463, grad/param norm = 7.4669e-01, time/batch = 0.6720s	
242/11350 (epoch 1.066), train_loss = 3.09073926, grad/param norm = 9.2561e-01, time/batch = 0.6744s	
243/11350 (epoch 1.070), train_loss = 3.09576687, grad/param norm = 7.7739e-01, time/batch = 0.6745s	
244/11350 (epoch 1.075), train_loss = 2.91645518, grad/param norm = 7.3358e-01, time/batch = 0.6713s	
245/11350 (epoch 1.079), train_loss = 3.12596538, grad/param norm = 8.8994e-01, time/batch = 0.6700s	
246/11350 (epoch 1.084), train_loss = 3.09298465, grad/param norm = 1.5145e+00, time/batch = 0.6727s	
247/11350 (epoch 1.088), train_loss = 3.20448677, grad/param norm = 1.4329e+00, time/batch = 0.6811s	
248/11350 (epoch 1.093), train_loss = 2.84052081, grad/param norm = 7.9920e-01, time/batch = 0.6862s	
249/11350 (epoch 1.097), train_loss = 3.12683287, grad/param norm = 6.6442e-01, time/batch = 0.6777s	
250/11350 (epoch 1.101), train_loss = 2.95275307, grad/param norm = 4.2133e-01, time/batch = 0.6846s	
251/11350 (epoch 1.106), train_loss = 3.06164810, grad/param norm = 3.3366e-01, time/batch = 0.7000s	
252/11350 (epoch 1.110), train_loss = 2.92919021, grad/param norm = 4.2040e-01, time/batch = 0.6855s	
253/11350 (epoch 1.115), train_loss = 3.02071901, grad/param norm = 4.7444e-01, time/batch = 0.7057s	
254/11350 (epoch 1.119), train_loss = 3.00466250, grad/param norm = 5.6988e-01, time/batch = 0.7130s	
255/11350 (epoch 1.123), train_loss = 2.88610818, grad/param norm = 7.0397e-01, time/batch = 0.7013s	
256/11350 (epoch 1.128), train_loss = 3.03367168, grad/param norm = 8.6766e-01, time/batch = 0.6897s	
257/11350 (epoch 1.132), train_loss = 2.91002544, grad/param norm = 8.9131e-01, time/batch = 0.6839s	
258/11350 (epoch 1.137), train_loss = 2.96763274, grad/param norm = 7.5042e-01, time/batch = 0.7193s	
259/11350 (epoch 1.141), train_loss = 2.93319381, grad/param norm = 8.1454e-01, time/batch = 0.6988s	
260/11350 (epoch 1.145), train_loss = 3.08497039, grad/param norm = 9.6208e-01, time/batch = 0.6914s	
261/11350 (epoch 1.150), train_loss = 3.07415246, grad/param norm = 6.2201e-01, time/batch = 0.6890s	
262/11350 (epoch 1.154), train_loss = 3.00812737, grad/param norm = 4.3762e-01, time/batch = 0.6886s	
263/11350 (epoch 1.159), train_loss = 2.86430808, grad/param norm = 5.1539e-01, time/batch = 0.6893s	
264/11350 (epoch 1.163), train_loss = 2.95402451, grad/param norm = 5.1870e-01, time/batch = 0.6927s	
265/11350 (epoch 1.167), train_loss = 2.94735156, grad/param norm = 5.4040e-01, time/batch = 0.6909s	
266/11350 (epoch 1.172), train_loss = 3.09077110, grad/param norm = 4.6317e-01, time/batch = 0.6714s	
267/11350 (epoch 1.176), train_loss = 2.87268286, grad/param norm = 4.6372e-01, time/batch = 0.6744s	
268/11350 (epoch 1.181), train_loss = 2.94361733, grad/param norm = 5.7197e-01, time/batch = 0.6741s	
269/11350 (epoch 1.185), train_loss = 3.06316379, grad/param norm = 6.9598e-01, time/batch = 0.6733s	
270/11350 (epoch 1.189), train_loss = 2.94189603, grad/param norm = 1.2183e+00, time/batch = 0.6754s	
271/11350 (epoch 1.194), train_loss = 2.94539748, grad/param norm = 1.6588e+00, time/batch = 0.6734s	
272/11350 (epoch 1.198), train_loss = 2.99868630, grad/param norm = 8.3042e-01, time/batch = 0.6725s	
273/11350 (epoch 1.203), train_loss = 2.95048712, grad/param norm = 4.0137e-01, time/batch = 0.6736s	
274/11350 (epoch 1.207), train_loss = 2.95912052, grad/param norm = 4.2929e-01, time/batch = 0.6722s	
275/11350 (epoch 1.211), train_loss = 3.04307071, grad/param norm = 4.7130e-01, time/batch = 0.6726s	
276/11350 (epoch 1.216), train_loss = 2.88610004, grad/param norm = 5.9709e-01, time/batch = 0.6703s	
277/11350 (epoch 1.220), train_loss = 3.00191455, grad/param norm = 1.1724e+00, time/batch = 0.6708s	
278/11350 (epoch 1.225), train_loss = 2.91985994, grad/param norm = 1.0831e+00, time/batch = 0.6712s	
279/11350 (epoch 1.229), train_loss = 3.15870292, grad/param norm = 8.8784e-01, time/batch = 0.6700s	
280/11350 (epoch 1.233), train_loss = 2.94826843, grad/param norm = 7.2141e-01, time/batch = 0.6724s	
281/11350 (epoch 1.238), train_loss = 3.12479244, grad/param norm = 8.6103e-01, time/batch = 0.6701s	
282/11350 (epoch 1.242), train_loss = 2.99810803, grad/param norm = 8.4370e-01, time/batch = 0.6761s	
283/11350 (epoch 1.247), train_loss = 2.84248017, grad/param norm = 6.8436e-01, time/batch = 0.6724s	
284/11350 (epoch 1.251), train_loss = 2.96544924, grad/param norm = 5.8947e-01, time/batch = 0.6740s	
285/11350 (epoch 1.256), train_loss = 3.07405353, grad/param norm = 6.8872e-01, time/batch = 0.6686s	
286/11350 (epoch 1.260), train_loss = 3.08080466, grad/param norm = 8.2113e-01, time/batch = 0.6701s	
287/11350 (epoch 1.264), train_loss = 2.69320987, grad/param norm = 7.4639e-01, time/batch = 0.6725s	
288/11350 (epoch 1.269), train_loss = 2.98004566, grad/param norm = 8.7570e-01, time/batch = 0.6705s	
289/11350 (epoch 1.273), train_loss = 2.94226127, grad/param norm = 9.7438e-01, time/batch = 0.6726s	
290/11350 (epoch 1.278), train_loss = 2.87170197, grad/param norm = 8.3120e-01, time/batch = 0.6695s	
291/11350 (epoch 1.282), train_loss = 3.02388566, grad/param norm = 5.7321e-01, time/batch = 0.6753s	
292/11350 (epoch 1.286), train_loss = 2.84378694, grad/param norm = 5.0333e-01, time/batch = 0.7098s	
293/11350 (epoch 1.291), train_loss = 2.85794337, grad/param norm = 7.7903e-01, time/batch = 0.6828s	
294/11350 (epoch 1.295), train_loss = 2.93543927, grad/param norm = 9.7180e-01, time/batch = 0.6722s	
295/11350 (epoch 1.300), train_loss = 2.81958672, grad/param norm = 8.2041e-01, time/batch = 0.6759s	
296/11350 (epoch 1.304), train_loss = 2.83493974, grad/param norm = 7.9566e-01, time/batch = 0.6724s	
297/11350 (epoch 1.308), train_loss = 2.92490589, grad/param norm = 7.6111e-01, time/batch = 0.6758s	
298/11350 (epoch 1.313), train_loss = 2.84039225, grad/param norm = 7.0713e-01, time/batch = 0.6688s	
299/11350 (epoch 1.317), train_loss = 2.70770342, grad/param norm = 5.4779e-01, time/batch = 0.6722s	
300/11350 (epoch 1.322), train_loss = 2.71161683, grad/param norm = 4.5461e-01, time/batch = 0.6694s	
301/11350 (epoch 1.326), train_loss = 2.90207129, grad/param norm = 4.1748e-01, time/batch = 0.6707s	
302/11350 (epoch 1.330), train_loss = 2.74050393, grad/param norm = 3.6055e-01, time/batch = 0.7017s	
303/11350 (epoch 1.335), train_loss = 2.77915532, grad/param norm = 5.4218e-01, time/batch = 0.6922s	
304/11350 (epoch 1.339), train_loss = 2.78634786, grad/param norm = 7.6794e-01, time/batch = 0.6714s	
305/11350 (epoch 1.344), train_loss = 2.91556821, grad/param norm = 1.1599e+00, time/batch = 0.6747s	
306/11350 (epoch 1.348), train_loss = 2.84910707, grad/param norm = 1.3690e+00, time/batch = 0.6877s	
307/11350 (epoch 1.352), train_loss = 2.71714578, grad/param norm = 1.2878e+00, time/batch = 0.6935s	
308/11350 (epoch 1.357), train_loss = 2.90607011, grad/param norm = 7.5404e-01, time/batch = 0.6795s	
309/11350 (epoch 1.361), train_loss = 2.66267351, grad/param norm = 6.6577e-01, time/batch = 0.6762s	
310/11350 (epoch 1.366), train_loss = 2.87811581, grad/param norm = 5.9177e-01, time/batch = 0.6799s	
311/11350 (epoch 1.370), train_loss = 2.84387945, grad/param norm = 3.8076e-01, time/batch = 0.7002s	
312/11350 (epoch 1.374), train_loss = 2.91287175, grad/param norm = 6.0649e-01, time/batch = 0.6988s	
313/11350 (epoch 1.379), train_loss = 2.81036881, grad/param norm = 7.5857e-01, time/batch = 0.6871s	
314/11350 (epoch 1.383), train_loss = 2.81243206, grad/param norm = 1.1243e+00, time/batch = 0.6851s	
315/11350 (epoch 1.388), train_loss = 2.89113475, grad/param norm = 1.4101e+00, time/batch = 0.6831s	
316/11350 (epoch 1.392), train_loss = 2.83526620, grad/param norm = 9.9049e-01, time/batch = 0.6838s	
317/11350 (epoch 1.396), train_loss = 2.81932460, grad/param norm = 7.2188e-01, time/batch = 0.6831s	
318/11350 (epoch 1.401), train_loss = 2.69602491, grad/param norm = 5.5092e-01, time/batch = 0.6746s	
319/11350 (epoch 1.405), train_loss = 2.74879514, grad/param norm = 4.8155e-01, time/batch = 0.6700s	
320/11350 (epoch 1.410), train_loss = 2.90581884, grad/param norm = 4.2578e-01, time/batch = 0.6801s	
321/11350 (epoch 1.414), train_loss = 2.57400134, grad/param norm = 3.5977e-01, time/batch = 0.6833s	
322/11350 (epoch 1.419), train_loss = 3.45051859, grad/param norm = 8.7251e-01, time/batch = 0.6825s	
323/11350 (epoch 1.423), train_loss = 3.08990353, grad/param norm = 1.9591e+00, time/batch = 0.6829s	
324/11350 (epoch 1.427), train_loss = 2.91554728, grad/param norm = 6.8308e-01, time/batch = 0.6807s	
325/11350 (epoch 1.432), train_loss = 3.26094436, grad/param norm = 7.4910e-01, time/batch = 0.6708s	
326/11350 (epoch 1.436), train_loss = 3.21251251, grad/param norm = 7.4774e-01, time/batch = 0.6758s	
327/11350 (epoch 1.441), train_loss = 2.88608081, grad/param norm = 3.6034e-01, time/batch = 0.6703s	
328/11350 (epoch 1.445), train_loss = 2.69297191, grad/param norm = 3.5540e-01, time/batch = 0.6741s	
329/11350 (epoch 1.449), train_loss = 2.71304363, grad/param norm = 4.2845e-01, time/batch = 0.6715s	
330/11350 (epoch 1.454), train_loss = 2.71688043, grad/param norm = 5.7660e-01, time/batch = 0.6723s	
331/11350 (epoch 1.458), train_loss = 2.62736499, grad/param norm = 6.0418e-01, time/batch = 0.6731s	
332/11350 (epoch 1.463), train_loss = 2.78104975, grad/param norm = 5.5328e-01, time/batch = 0.6749s	
333/11350 (epoch 1.467), train_loss = 2.87019320, grad/param norm = 5.6834e-01, time/batch = 0.6726s	
334/11350 (epoch 1.471), train_loss = 2.80823709, grad/param norm = 6.9158e-01, time/batch = 0.6706s	
335/11350 (epoch 1.476), train_loss = 2.74332228, grad/param norm = 6.6165e-01, time/batch = 0.6780s	
336/11350 (epoch 1.480), train_loss = 3.13037800, grad/param norm = 7.6826e-01, time/batch = 0.6747s	
337/11350 (epoch 1.485), train_loss = 2.76521053, grad/param norm = 6.5611e-01, time/batch = 0.6983s	
338/11350 (epoch 1.489), train_loss = 2.85961874, grad/param norm = 7.2300e-01, time/batch = 0.7005s	
339/11350 (epoch 1.493), train_loss = 2.82493684, grad/param norm = 5.8670e-01, time/batch = 0.6775s	
340/11350 (epoch 1.498), train_loss = 2.65439848, grad/param norm = 5.5722e-01, time/batch = 0.6747s	
341/11350 (epoch 1.502), train_loss = 2.83003035, grad/param norm = 6.0987e-01, time/batch = 0.6981s	
342/11350 (epoch 1.507), train_loss = 2.71710459, grad/param norm = 6.5033e-01, time/batch = 0.7097s	
343/11350 (epoch 1.511), train_loss = 2.64351167, grad/param norm = 6.9767e-01, time/batch = 0.6958s	
344/11350 (epoch 1.515), train_loss = 2.81749922, grad/param norm = 4.3810e-01, time/batch = 0.7053s	
345/11350 (epoch 1.520), train_loss = 2.83667632, grad/param norm = 4.0011e-01, time/batch = 0.7118s	
346/11350 (epoch 1.524), train_loss = 2.79691180, grad/param norm = 5.3612e-01, time/batch = 0.6887s	
347/11350 (epoch 1.529), train_loss = 2.90210144, grad/param norm = 5.1869e-01, time/batch = 0.7131s	
348/11350 (epoch 1.533), train_loss = 2.72673262, grad/param norm = 3.3314e-01, time/batch = 0.7001s	
349/11350 (epoch 1.537), train_loss = 2.75790896, grad/param norm = 3.6044e-01, time/batch = 0.6909s	
350/11350 (epoch 1.542), train_loss = 2.80924721, grad/param norm = 3.7598e-01, time/batch = 0.6915s	
351/11350 (epoch 1.546), train_loss = 3.05497837, grad/param norm = 6.6556e-01, time/batch = 0.6909s	
352/11350 (epoch 1.551), train_loss = 2.93147003, grad/param norm = 8.9386e-01, time/batch = 0.6898s	
353/11350 (epoch 1.555), train_loss = 2.95470910, grad/param norm = 7.9821e-01, time/batch = 0.6898s	
354/11350 (epoch 1.559), train_loss = 2.68225039, grad/param norm = 6.4588e-01, time/batch = 0.6879s	
355/11350 (epoch 1.564), train_loss = 2.78305824, grad/param norm = 6.2664e-01, time/batch = 0.6889s	
356/11350 (epoch 1.568), train_loss = 2.93538354, grad/param norm = 6.7891e-01, time/batch = 0.6929s	
357/11350 (epoch 1.573), train_loss = 2.90197528, grad/param norm = 5.6801e-01, time/batch = 0.6886s	
358/11350 (epoch 1.577), train_loss = 2.86020560, grad/param norm = 4.8438e-01, time/batch = 0.6903s	
359/11350 (epoch 1.581), train_loss = 2.69612796, grad/param norm = 5.5904e-01, time/batch = 0.6905s	
360/11350 (epoch 1.586), train_loss = 2.78917085, grad/param norm = 5.0760e-01, time/batch = 0.6858s	
361/11350 (epoch 1.590), train_loss = 2.93603013, grad/param norm = 5.4399e-01, time/batch = 0.6872s	
362/11350 (epoch 1.595), train_loss = 2.87490370, grad/param norm = 4.6788e-01, time/batch = 0.6861s	
363/11350 (epoch 1.599), train_loss = 2.79861359, grad/param norm = 5.4397e-01, time/batch = 0.7194s	
364/11350 (epoch 1.604), train_loss = 2.78628642, grad/param norm = 4.7499e-01, time/batch = 0.7038s	
365/11350 (epoch 1.608), train_loss = 2.99548454, grad/param norm = 6.1516e-01, time/batch = 0.6849s	
366/11350 (epoch 1.612), train_loss = 2.61147946, grad/param norm = 9.5376e-01, time/batch = 0.6898s	
367/11350 (epoch 1.617), train_loss = 2.96597181, grad/param norm = 7.8452e-01, time/batch = 0.6865s	
368/11350 (epoch 1.621), train_loss = 2.72072644, grad/param norm = 8.5491e-01, time/batch = 0.6833s	
369/11350 (epoch 1.626), train_loss = 2.78912875, grad/param norm = 6.8380e-01, time/batch = 0.6842s	
370/11350 (epoch 1.630), train_loss = 3.01906721, grad/param norm = 4.4049e-01, time/batch = 0.6871s	
371/11350 (epoch 1.634), train_loss = 2.91074294, grad/param norm = 3.8304e-01, time/batch = 0.6866s	
372/11350 (epoch 1.639), train_loss = 2.74513042, grad/param norm = 2.9410e-01, time/batch = 0.6921s	
373/11350 (epoch 1.643), train_loss = 2.70038971, grad/param norm = 3.2189e-01, time/batch = 0.7019s	
374/11350 (epoch 1.648), train_loss = 2.71151091, grad/param norm = 3.9485e-01, time/batch = 0.6998s	
375/11350 (epoch 1.652), train_loss = 2.60263202, grad/param norm = 4.7745e-01, time/batch = 0.6951s	
376/11350 (epoch 1.656), train_loss = 2.84489235, grad/param norm = 6.7967e-01, time/batch = 0.6855s	
377/11350 (epoch 1.661), train_loss = 2.87028533, grad/param norm = 5.7651e-01, time/batch = 0.6828s	
378/11350 (epoch 1.665), train_loss = 2.87345088, grad/param norm = 4.9654e-01, time/batch = 0.6837s	
379/11350 (epoch 1.670), train_loss = 2.87029393, grad/param norm = 3.3373e-01, time/batch = 0.6871s	
380/11350 (epoch 1.674), train_loss = 2.75603683, grad/param norm = 3.4614e-01, time/batch = 0.6839s	
381/11350 (epoch 1.678), train_loss = 2.75724938, grad/param norm = 4.3142e-01, time/batch = 0.6868s	
382/11350 (epoch 1.683), train_loss = 2.67181633, grad/param norm = 5.1515e-01, time/batch = 0.6890s	
383/11350 (epoch 1.687), train_loss = 2.74685780, grad/param norm = 5.9748e-01, time/batch = 0.6830s	
384/11350 (epoch 1.692), train_loss = 2.93159569, grad/param norm = 8.6068e-01, time/batch = 0.6869s	
385/11350 (epoch 1.696), train_loss = 2.74983550, grad/param norm = 8.0355e-01, time/batch = 0.6913s	
386/11350 (epoch 1.700), train_loss = 2.86832860, grad/param norm = 6.8251e-01, time/batch = 0.6838s	
387/11350 (epoch 1.705), train_loss = 2.80358409, grad/param norm = 4.0580e-01, time/batch = 0.6858s	
388/11350 (epoch 1.709), train_loss = 2.90187102, grad/param norm = 5.3195e-01, time/batch = 0.6860s	
389/11350 (epoch 1.714), train_loss = 2.84706921, grad/param norm = 8.2368e-01, time/batch = 0.6837s	
390/11350 (epoch 1.718), train_loss = 2.89255391, grad/param norm = 7.0860e-01, time/batch = 0.6842s	
391/11350 (epoch 1.722), train_loss = 2.82097438, grad/param norm = 5.2387e-01, time/batch = 0.6858s	
392/11350 (epoch 1.727), train_loss = 2.70725116, grad/param norm = 4.7502e-01, time/batch = 0.6838s	
393/11350 (epoch 1.731), train_loss = 2.74947189, grad/param norm = 4.3379e-01, time/batch = 0.6887s	
394/11350 (epoch 1.736), train_loss = 2.76094054, grad/param norm = 3.6638e-01, time/batch = 0.6839s	
395/11350 (epoch 1.740), train_loss = 2.86639541, grad/param norm = 4.6397e-01, time/batch = 0.6831s	
396/11350 (epoch 1.744), train_loss = 2.80944694, grad/param norm = 5.5702e-01, time/batch = 0.6844s	
397/11350 (epoch 1.749), train_loss = 2.78687920, grad/param norm = 4.8765e-01, time/batch = 0.6847s	
398/11350 (epoch 1.753), train_loss = 2.84725516, grad/param norm = 6.3209e-01, time/batch = 0.6819s	
399/11350 (epoch 1.758), train_loss = 2.59199305, grad/param norm = 6.8460e-01, time/batch = 0.6841s	
400/11350 (epoch 1.762), train_loss = 2.67955376, grad/param norm = 3.4086e-01, time/batch = 0.6840s	
401/11350 (epoch 1.767), train_loss = 2.74218776, grad/param norm = 3.0995e-01, time/batch = 0.6804s	
402/11350 (epoch 1.771), train_loss = 2.77192408, grad/param norm = 3.7563e-01, time/batch = 0.6860s	
403/11350 (epoch 1.775), train_loss = 2.74871563, grad/param norm = 3.6884e-01, time/batch = 0.6827s	
404/11350 (epoch 1.780), train_loss = 2.71369992, grad/param norm = 5.2782e-01, time/batch = 0.6830s	
405/11350 (epoch 1.784), train_loss = 2.71395169, grad/param norm = 7.1982e-01, time/batch = 0.6837s	
406/11350 (epoch 1.789), train_loss = 2.68552108, grad/param norm = 7.0228e-01, time/batch = 0.6867s	
407/11350 (epoch 1.793), train_loss = 2.58536538, grad/param norm = 5.5405e-01, time/batch = 0.6803s	
408/11350 (epoch 1.797), train_loss = 2.54710701, grad/param norm = 4.8267e-01, time/batch = 0.6853s	
409/11350 (epoch 1.802), train_loss = 2.61333617, grad/param norm = 5.3633e-01, time/batch = 0.6816s	
410/11350 (epoch 1.806), train_loss = 2.67500605, grad/param norm = 6.4893e-01, time/batch = 0.6824s	
411/11350 (epoch 1.811), train_loss = 2.81785155, grad/param norm = 8.2065e-01, time/batch = 0.6849s	
412/11350 (epoch 1.815), train_loss = 2.57564920, grad/param norm = 8.4879e-01, time/batch = 0.6855s	
413/11350 (epoch 1.819), train_loss = 2.64135219, grad/param norm = 4.6134e-01, time/batch = 0.6857s	
414/11350 (epoch 1.824), train_loss = 2.72989670, grad/param norm = 3.8669e-01, time/batch = 0.6897s	
415/11350 (epoch 1.828), train_loss = 2.62503509, grad/param norm = 4.4650e-01, time/batch = 0.7271s	
416/11350 (epoch 1.833), train_loss = 2.76130009, grad/param norm = 5.3694e-01, time/batch = 0.7209s	
417/11350 (epoch 1.837), train_loss = 2.55373897, grad/param norm = 4.5712e-01, time/batch = 0.7030s	
418/11350 (epoch 1.841), train_loss = 2.77184491, grad/param norm = 4.8787e-01, time/batch = 0.7212s	
419/11350 (epoch 1.846), train_loss = 2.59833847, grad/param norm = 4.3687e-01, time/batch = 0.7037s	
420/11350 (epoch 1.850), train_loss = 2.71694585, grad/param norm = 4.4077e-01, time/batch = 0.6834s	
421/11350 (epoch 1.855), train_loss = 2.50138150, grad/param norm = 4.8350e-01, time/batch = 0.6833s	
422/11350 (epoch 1.859), train_loss = 2.75321067, grad/param norm = 7.1687e-01, time/batch = 0.6864s	
423/11350 (epoch 1.863), train_loss = 2.56199373, grad/param norm = 9.3891e-01, time/batch = 0.6864s	
424/11350 (epoch 1.868), train_loss = 2.58038262, grad/param norm = 6.5227e-01, time/batch = 0.6853s	
425/11350 (epoch 1.872), train_loss = 2.65964299, grad/param norm = 6.5047e-01, time/batch = 0.6858s	
426/11350 (epoch 1.877), train_loss = 2.70177151, grad/param norm = 5.7886e-01, time/batch = 0.6839s	
427/11350 (epoch 1.881), train_loss = 2.86975891, grad/param norm = 4.9893e-01, time/batch = 0.6987s	
428/11350 (epoch 1.885), train_loss = 2.66546400, grad/param norm = 3.9694e-01, time/batch = 0.7094s	
429/11350 (epoch 1.890), train_loss = 2.62778284, grad/param norm = 3.6458e-01, time/batch = 0.7335s	
430/11350 (epoch 1.894), train_loss = 2.80238415, grad/param norm = 4.4460e-01, time/batch = 0.7080s	
431/11350 (epoch 1.899), train_loss = 2.78976116, grad/param norm = 4.4950e-01, time/batch = 0.7024s	
432/11350 (epoch 1.903), train_loss = 2.91440914, grad/param norm = 4.6689e-01, time/batch = 0.7123s	
433/11350 (epoch 1.907), train_loss = 2.79160044, grad/param norm = 5.6231e-01, time/batch = 0.7462s	
434/11350 (epoch 1.912), train_loss = 2.66132500, grad/param norm = 5.9068e-01, time/batch = 0.7295s	
435/11350 (epoch 1.916), train_loss = 2.74898250, grad/param norm = 6.1966e-01, time/batch = 0.7246s	
436/11350 (epoch 1.921), train_loss = 2.54638335, grad/param norm = 5.3568e-01, time/batch = 0.7103s	
437/11350 (epoch 1.925), train_loss = 2.69513067, grad/param norm = 4.9401e-01, time/batch = 0.6968s	
438/11350 (epoch 1.930), train_loss = 2.61821473, grad/param norm = 4.7083e-01, time/batch = 0.7244s	
439/11350 (epoch 1.934), train_loss = 2.81652653, grad/param norm = 3.9681e-01, time/batch = 0.6955s	
440/11350 (epoch 1.938), train_loss = 2.62547114, grad/param norm = 3.4683e-01, time/batch = 0.6855s	
441/11350 (epoch 1.943), train_loss = 2.76885803, grad/param norm = 3.7914e-01, time/batch = 0.6837s	
442/11350 (epoch 1.947), train_loss = 2.70900858, grad/param norm = 4.9194e-01, time/batch = 0.6880s	
443/11350 (epoch 1.952), train_loss = 2.83711981, grad/param norm = 4.7416e-01, time/batch = 0.6877s	
444/11350 (epoch 1.956), train_loss = 2.83423902, grad/param norm = 1.2166e+00, time/batch = 0.6851s	
445/11350 (epoch 1.960), train_loss = 2.82697316, grad/param norm = 6.4688e-01, time/batch = 0.6857s	
446/11350 (epoch 1.965), train_loss = 2.78946538, grad/param norm = 6.3208e-01, time/batch = 0.6857s	
447/11350 (epoch 1.969), train_loss = 2.77618563, grad/param norm = 5.0011e-01, time/batch = 0.6883s	
448/11350 (epoch 1.974), train_loss = 2.59066729, grad/param norm = 2.7802e-01, time/batch = 0.7243s	
449/11350 (epoch 1.978), train_loss = 2.74376039, grad/param norm = 3.2648e-01, time/batch = 0.6957s	
450/11350 (epoch 1.982), train_loss = 2.42121176, grad/param norm = 3.7934e-01, time/batch = 0.6846s	
451/11350 (epoch 1.987), train_loss = 2.61694105, grad/param norm = 5.0736e-01, time/batch = 0.6851s	
452/11350 (epoch 1.991), train_loss = 2.50659107, grad/param norm = 7.4820e-01, time/batch = 0.6848s	
453/11350 (epoch 1.996), train_loss = 2.74744452, grad/param norm = 6.5530e-01, time/batch = 0.6861s	
454/11350 (epoch 2.000), train_loss = 2.46601821, grad/param norm = 4.4324e-01, time/batch = 0.6898s	
455/11350 (epoch 2.004), train_loss = 2.57951336, grad/param norm = 6.6674e-01, time/batch = 0.6914s	
456/11350 (epoch 2.009), train_loss = 2.88516518, grad/param norm = 9.2611e-01, time/batch = 0.6848s	
457/11350 (epoch 2.013), train_loss = 2.37727521, grad/param norm = 7.0703e-01, time/batch = 0.6830s	
458/11350 (epoch 2.018), train_loss = 2.47316880, grad/param norm = 3.6468e-01, time/batch = 0.7421s	
459/11350 (epoch 2.022), train_loss = 2.39949118, grad/param norm = 4.1793e-01, time/batch = 0.7093s	
460/11350 (epoch 2.026), train_loss = 2.52856114, grad/param norm = 4.1960e-01, time/batch = 0.6850s	
461/11350 (epoch 2.031), train_loss = 2.33959353, grad/param norm = 3.1671e-01, time/batch = 0.6891s	
462/11350 (epoch 2.035), train_loss = 2.58672134, grad/param norm = 3.2662e-01, time/batch = 0.6874s	
463/11350 (epoch 2.040), train_loss = 2.52415972, grad/param norm = 4.0962e-01, time/batch = 0.6870s	
464/11350 (epoch 2.044), train_loss = 2.47992845, grad/param norm = 4.4932e-01, time/batch = 0.6861s	
465/11350 (epoch 2.048), train_loss = 2.53513760, grad/param norm = 4.1905e-01, time/batch = 0.6864s	
466/11350 (epoch 2.053), train_loss = 2.42170993, grad/param norm = 3.0581e-01, time/batch = 0.6838s	
467/11350 (epoch 2.057), train_loss = 2.57593745, grad/param norm = 4.1199e-01, time/batch = 0.6873s	
468/11350 (epoch 2.062), train_loss = 2.33376904, grad/param norm = 5.4363e-01, time/batch = 0.7199s	
469/11350 (epoch 2.066), train_loss = 2.46189125, grad/param norm = 5.4969e-01, time/batch = 0.7036s	
470/11350 (epoch 2.070), train_loss = 2.55759831, grad/param norm = 5.7998e-01, time/batch = 0.6872s	
471/11350 (epoch 2.075), train_loss = 2.38841632, grad/param norm = 5.4942e-01, time/batch = 0.6918s	
472/11350 (epoch 2.079), train_loss = 2.56580121, grad/param norm = 5.8432e-01, time/batch = 0.6880s	
473/11350 (epoch 2.084), train_loss = 2.67304072, grad/param norm = 5.3043e-01, time/batch = 0.6868s	
474/11350 (epoch 2.088), train_loss = 2.63232506, grad/param norm = 5.1900e-01, time/batch = 0.6858s	
475/11350 (epoch 2.093), train_loss = 2.26325829, grad/param norm = 4.0208e-01, time/batch = 0.6919s	
476/11350 (epoch 2.097), train_loss = 2.66464119, grad/param norm = 6.2151e-01, time/batch = 0.6841s	
477/11350 (epoch 2.101), train_loss = 2.43682610, grad/param norm = 6.2147e-01, time/batch = 0.7049s	
478/11350 (epoch 2.106), train_loss = 2.57573952, grad/param norm = 4.9588e-01, time/batch = 0.7271s	
479/11350 (epoch 2.110), train_loss = 2.34350366, grad/param norm = 4.4089e-01, time/batch = 0.7100s	
480/11350 (epoch 2.115), train_loss = 2.45338184, grad/param norm = 3.7734e-01, time/batch = 0.6921s	
481/11350 (epoch 2.119), train_loss = 2.47779542, grad/param norm = 3.4412e-01, time/batch = 0.6895s	
482/11350 (epoch 2.123), train_loss = 2.35571355, grad/param norm = 3.7630e-01, time/batch = 0.6856s	
483/11350 (epoch 2.128), train_loss = 2.43212150, grad/param norm = 3.2636e-01, time/batch = 0.6859s	
484/11350 (epoch 2.132), train_loss = 2.41796060, grad/param norm = 3.4932e-01, time/batch = 0.6882s	
485/11350 (epoch 2.137), train_loss = 2.33173226, grad/param norm = 2.8648e-01, time/batch = 0.6842s	
486/11350 (epoch 2.141), train_loss = 2.46380052, grad/param norm = 3.0224e-01, time/batch = 0.6856s	
487/11350 (epoch 2.145), train_loss = 2.50157838, grad/param norm = 3.6486e-01, time/batch = 0.7047s	
488/11350 (epoch 2.150), train_loss = 2.55605343, grad/param norm = 5.6366e-01, time/batch = 0.7190s	
489/11350 (epoch 2.154), train_loss = 2.54320903, grad/param norm = 7.9359e-01, time/batch = 0.7035s	
490/11350 (epoch 2.159), train_loss = 2.44207205, grad/param norm = 7.2026e-01, time/batch = 0.6852s	
491/11350 (epoch 2.163), train_loss = 2.52118590, grad/param norm = 5.4686e-01, time/batch = 0.6857s	
492/11350 (epoch 2.167), train_loss = 2.56495483, grad/param norm = 6.2305e-01, time/batch = 0.6901s	
493/11350 (epoch 2.172), train_loss = 2.66592674, grad/param norm = 5.0375e-01, time/batch = 0.6867s	
494/11350 (epoch 2.176), train_loss = 2.42519272, grad/param norm = 3.8252e-01, time/batch = 0.6894s	
495/11350 (epoch 2.181), train_loss = 2.43421544, grad/param norm = 3.9634e-01, time/batch = 0.6884s	
496/11350 (epoch 2.185), train_loss = 2.60222675, grad/param norm = 3.8609e-01, time/batch = 0.6931s	
497/11350 (epoch 2.189), train_loss = 2.40067011, grad/param norm = 5.7797e-01, time/batch = 0.6857s	
498/11350 (epoch 2.194), train_loss = 2.32778826, grad/param norm = 6.1719e-01, time/batch = 0.7141s	
499/11350 (epoch 2.198), train_loss = 2.47956580, grad/param norm = 4.8545e-01, time/batch = 0.7051s	
500/11350 (epoch 2.203), train_loss = 2.39435624, grad/param norm = 3.6175e-01, time/batch = 0.6939s	
501/11350 (epoch 2.207), train_loss = 2.49442533, grad/param norm = 4.6277e-01, time/batch = 0.6902s	
502/11350 (epoch 2.211), train_loss = 2.62263109, grad/param norm = 4.1532e-01, time/batch = 0.6843s	
503/11350 (epoch 2.216), train_loss = 2.44416915, grad/param norm = 3.6300e-01, time/batch = 0.6840s	
504/11350 (epoch 2.220), train_loss = 2.51377474, grad/param norm = 3.5193e-01, time/batch = 0.6835s	
505/11350 (epoch 2.225), train_loss = 2.38109620, grad/param norm = 3.0738e-01, time/batch = 0.6822s	
506/11350 (epoch 2.229), train_loss = 2.62682575, grad/param norm = 4.0918e-01, time/batch = 0.6847s	
507/11350 (epoch 2.233), train_loss = 2.47463086, grad/param norm = 5.4966e-01, time/batch = 0.6973s	
508/11350 (epoch 2.238), train_loss = 2.73824444, grad/param norm = 6.9735e-01, time/batch = 0.7191s	
509/11350 (epoch 2.242), train_loss = 2.62952666, grad/param norm = 4.9234e-01, time/batch = 0.7219s	
510/11350 (epoch 2.247), train_loss = 2.31245738, grad/param norm = 4.3517e-01, time/batch = 0.6933s	
511/11350 (epoch 2.251), train_loss = 2.57522447, grad/param norm = 4.8710e-01, time/batch = 0.7147s	
512/11350 (epoch 2.256), train_loss = 2.62227870, grad/param norm = 4.0819e-01, time/batch = 0.7181s	
513/11350 (epoch 2.260), train_loss = 2.61793382, grad/param norm = 4.1085e-01, time/batch = 0.7206s	
514/11350 (epoch 2.264), train_loss = 2.27704500, grad/param norm = 5.8046e-01, time/batch = 0.7193s	
515/11350 (epoch 2.269), train_loss = 2.55830295, grad/param norm = 6.9157e-01, time/batch = 0.7158s	
516/11350 (epoch 2.273), train_loss = 2.49632202, grad/param norm = 4.3108e-01, time/batch = 0.6954s	
517/11350 (epoch 2.278), train_loss = 2.39173209, grad/param norm = 4.2970e-01, time/batch = 0.7248s	
518/11350 (epoch 2.282), train_loss = 2.63956277, grad/param norm = 5.0054e-01, time/batch = 0.6851s	
519/11350 (epoch 2.286), train_loss = 2.54133324, grad/param norm = 6.6449e-01, time/batch = 0.6895s	
520/11350 (epoch 2.291), train_loss = 2.41936787, grad/param norm = 6.7871e-01, time/batch = 0.6864s	
521/11350 (epoch 2.295), train_loss = 2.58550367, grad/param norm = 6.9419e-01, time/batch = 0.6927s	
522/11350 (epoch 2.300), train_loss = 2.42497985, grad/param norm = 4.1972e-01, time/batch = 0.6861s	
523/11350 (epoch 2.304), train_loss = 2.32261417, grad/param norm = 3.2998e-01, time/batch = 0.6829s	
524/11350 (epoch 2.308), train_loss = 2.41821552, grad/param norm = 3.7466e-01, time/batch = 0.6826s	
525/11350 (epoch 2.313), train_loss = 2.39379150, grad/param norm = 5.1066e-01, time/batch = 0.6829s	
526/11350 (epoch 2.317), train_loss = 2.22931016, grad/param norm = 5.3005e-01, time/batch = 0.6858s	
527/11350 (epoch 2.322), train_loss = 2.28026275, grad/param norm = 3.7760e-01, time/batch = 0.6856s	
528/11350 (epoch 2.326), train_loss = 2.44397546, grad/param norm = 4.2747e-01, time/batch = 0.7158s	
529/11350 (epoch 2.330), train_loss = 2.32658041, grad/param norm = 3.6269e-01, time/batch = 0.7051s	
530/11350 (epoch 2.335), train_loss = 2.26924232, grad/param norm = 3.2991e-01, time/batch = 0.6831s	
531/11350 (epoch 2.339), train_loss = 2.31960369, grad/param norm = 3.7021e-01, time/batch = 0.6836s	
532/11350 (epoch 2.344), train_loss = 2.42871025, grad/param norm = 5.7095e-01, time/batch = 0.6816s	
533/11350 (epoch 2.348), train_loss = 2.44256281, grad/param norm = 8.8852e-01, time/batch = 0.6849s	
534/11350 (epoch 2.352), train_loss = 2.21383171, grad/param norm = 7.5341e-01, time/batch = 0.6847s	
535/11350 (epoch 2.357), train_loss = 2.49588461, grad/param norm = 4.8475e-01, time/batch = 0.6837s	
536/11350 (epoch 2.361), train_loss = 2.18463464, grad/param norm = 4.4999e-01, time/batch = 0.6851s	
537/11350 (epoch 2.366), train_loss = 2.47591966, grad/param norm = 4.3343e-01, time/batch = 0.6829s	
538/11350 (epoch 2.370), train_loss = 2.37615311, grad/param norm = 3.3146e-01, time/batch = 0.7105s	
539/11350 (epoch 2.374), train_loss = 2.42303198, grad/param norm = 4.1782e-01, time/batch = 0.7095s	
540/11350 (epoch 2.379), train_loss = 2.41217442, grad/param norm = 3.9148e-01, time/batch = 0.6883s	
541/11350 (epoch 2.383), train_loss = 2.31272772, grad/param norm = 4.4973e-01, time/batch = 0.6906s	
542/11350 (epoch 2.388), train_loss = 2.40622585, grad/param norm = 5.4262e-01, time/batch = 0.6936s	
543/11350 (epoch 2.392), train_loss = 2.41206719, grad/param norm = 3.7879e-01, time/batch = 0.6851s	
544/11350 (epoch 2.396), train_loss = 2.35621722, grad/param norm = 3.3616e-01, time/batch = 0.6864s	
545/11350 (epoch 2.401), train_loss = 2.26261733, grad/param norm = 3.5257e-01, time/batch = 0.6833s	
546/11350 (epoch 2.405), train_loss = 2.39165559, grad/param norm = 3.4880e-01, time/batch = 0.6834s	
547/11350 (epoch 2.410), train_loss = 2.60518804, grad/param norm = 3.6554e-01, time/batch = 0.6829s	
548/11350 (epoch 2.414), train_loss = 2.19550153, grad/param norm = 2.9241e-01, time/batch = 0.7076s	
549/11350 (epoch 2.419), train_loss = 2.84235333, grad/param norm = 4.5443e-01, time/batch = 0.7120s	
550/11350 (epoch 2.423), train_loss = 2.59876306, grad/param norm = 4.9471e-01, time/batch = 0.6838s	
551/11350 (epoch 2.427), train_loss = 2.50617699, grad/param norm = 3.0018e-01, time/batch = 0.6858s	
552/11350 (epoch 2.432), train_loss = 2.79841753, grad/param norm = 3.9782e-01, time/batch = 0.6844s	
553/11350 (epoch 2.436), train_loss = 2.60272828, grad/param norm = 3.9987e-01, time/batch = 0.7232s	
554/11350 (epoch 2.441), train_loss = 2.49240911, grad/param norm = 4.2775e-01, time/batch = 0.6864s	
555/11350 (epoch 2.445), train_loss = 2.17477347, grad/param norm = 3.9501e-01, time/batch = 0.6884s	
556/11350 (epoch 2.449), train_loss = 2.33416221, grad/param norm = 3.5048e-01, time/batch = 0.6873s	
557/11350 (epoch 2.454), train_loss = 2.34089411, grad/param norm = 4.3033e-01, time/batch = 0.6888s	
558/11350 (epoch 2.458), train_loss = 2.22872199, grad/param norm = 3.4815e-01, time/batch = 0.6875s	
559/11350 (epoch 2.463), train_loss = 2.36771421, grad/param norm = 3.4891e-01, time/batch = 0.6848s	
560/11350 (epoch 2.467), train_loss = 2.54487183, grad/param norm = 3.9767e-01, time/batch = 0.6882s	
561/11350 (epoch 2.471), train_loss = 2.49326449, grad/param norm = 4.7997e-01, time/batch = 0.6864s	
562/11350 (epoch 2.476), train_loss = 2.36488697, grad/param norm = 4.8486e-01, time/batch = 0.6889s	
563/11350 (epoch 2.480), train_loss = 2.74365778, grad/param norm = 6.0493e-01, time/batch = 0.6893s	
564/11350 (epoch 2.485), train_loss = 2.34813068, grad/param norm = 6.2803e-01, time/batch = 0.6975s	
565/11350 (epoch 2.489), train_loss = 2.56125427, grad/param norm = 4.9454e-01, time/batch = 0.6893s	
566/11350 (epoch 2.493), train_loss = 2.44676187, grad/param norm = 4.0623e-01, time/batch = 0.6840s	
567/11350 (epoch 2.498), train_loss = 2.20907327, grad/param norm = 3.2007e-01, time/batch = 0.6826s	
568/11350 (epoch 2.502), train_loss = 2.48071078, grad/param norm = 3.5122e-01, time/batch = 0.7068s	
569/11350 (epoch 2.507), train_loss = 2.29285437, grad/param norm = 3.3487e-01, time/batch = 0.7186s	
570/11350 (epoch 2.511), train_loss = 2.39833206, grad/param norm = 4.1471e-01, time/batch = 0.6860s	
571/11350 (epoch 2.515), train_loss = 2.43932050, grad/param norm = 5.7898e-01, time/batch = 0.6833s	
572/11350 (epoch 2.520), train_loss = 2.56623152, grad/param norm = 6.9231e-01, time/batch = 0.6864s	
573/11350 (epoch 2.524), train_loss = 2.48065714, grad/param norm = 6.4905e-01, time/batch = 0.6823s	
574/11350 (epoch 2.529), train_loss = 2.51771759, grad/param norm = 4.7549e-01, time/batch = 0.6854s	
575/11350 (epoch 2.533), train_loss = 2.47226642, grad/param norm = 3.9101e-01, time/batch = 0.6836s	
576/11350 (epoch 2.537), train_loss = 2.42218395, grad/param norm = 3.6928e-01, time/batch = 0.6828s	
577/11350 (epoch 2.542), train_loss = 2.53689142, grad/param norm = 3.2012e-01, time/batch = 0.6859s	
578/11350 (epoch 2.546), train_loss = 2.73370756, grad/param norm = 4.6022e-01, time/batch = 0.6849s	
579/11350 (epoch 2.551), train_loss = 2.50216505, grad/param norm = 4.3024e-01, time/batch = 0.6829s	
580/11350 (epoch 2.555), train_loss = 2.56275151, grad/param norm = 3.9871e-01, time/batch = 0.6921s	
581/11350 (epoch 2.559), train_loss = 2.24228909, grad/param norm = 2.7093e-01, time/batch = 0.7017s	
582/11350 (epoch 2.564), train_loss = 2.38682694, grad/param norm = 3.1954e-01, time/batch = 0.7066s	
583/11350 (epoch 2.568), train_loss = 2.57837532, grad/param norm = 3.9365e-01, time/batch = 0.6948s	
584/11350 (epoch 2.573), train_loss = 2.56143086, grad/param norm = 3.2123e-01, time/batch = 0.6858s	
585/11350 (epoch 2.577), train_loss = 2.53696103, grad/param norm = 3.2698e-01, time/batch = 0.6872s	
586/11350 (epoch 2.581), train_loss = 2.39619674, grad/param norm = 3.6307e-01, time/batch = 0.6866s	
587/11350 (epoch 2.586), train_loss = 2.48321674, grad/param norm = 3.4680e-01, time/batch = 0.6870s	
588/11350 (epoch 2.590), train_loss = 2.64527327, grad/param norm = 3.8276e-01, time/batch = 0.6960s	
589/11350 (epoch 2.595), train_loss = 2.59511553, grad/param norm = 3.6386e-01, time/batch = 0.7217s	
590/11350 (epoch 2.599), train_loss = 2.39990170, grad/param norm = 3.3490e-01, time/batch = 0.6874s	
591/11350 (epoch 2.604), train_loss = 2.43605308, grad/param norm = 2.8093e-01, time/batch = 0.6826s	
592/11350 (epoch 2.608), train_loss = 2.67662689, grad/param norm = 4.6119e-01, time/batch = 0.7000s	
593/11350 (epoch 2.612), train_loss = 2.27422074, grad/param norm = 5.9635e-01, time/batch = 0.6939s	
594/11350 (epoch 2.617), train_loss = 2.75083705, grad/param norm = 6.7341e-01, time/batch = 0.6877s	
595/11350 (epoch 2.621), train_loss = 2.41826535, grad/param norm = 6.8604e-01, time/batch = 0.6833s	
596/11350 (epoch 2.626), train_loss = 2.45590530, grad/param norm = 4.3317e-01, time/batch = 0.6874s	
597/11350 (epoch 2.630), train_loss = 2.62781729, grad/param norm = 3.0869e-01, time/batch = 0.6887s	
598/11350 (epoch 2.634), train_loss = 2.61859941, grad/param norm = 3.7234e-01, time/batch = 0.6841s	
599/11350 (epoch 2.639), train_loss = 2.36424995, grad/param norm = 2.7191e-01, time/batch = 0.7039s	
600/11350 (epoch 2.643), train_loss = 2.38330354, grad/param norm = 3.6727e-01, time/batch = 0.7151s	
601/11350 (epoch 2.648), train_loss = 2.42992822, grad/param norm = 3.5156e-01, time/batch = 0.7181s	
602/11350 (epoch 2.652), train_loss = 2.30225283, grad/param norm = 3.4258e-01, time/batch = 0.6976s	
603/11350 (epoch 2.656), train_loss = 2.50963338, grad/param norm = 4.3975e-01, time/batch = 0.7111s	
604/11350 (epoch 2.661), train_loss = 2.50691386, grad/param norm = 3.1407e-01, time/batch = 0.6859s	
605/11350 (epoch 2.665), train_loss = 2.49436908, grad/param norm = 3.5974e-01, time/batch = 0.6850s	
606/11350 (epoch 2.670), train_loss = 2.55989824, grad/param norm = 3.9188e-01, time/batch = 0.6896s	
607/11350 (epoch 2.674), train_loss = 2.46903033, grad/param norm = 4.0206e-01, time/batch = 0.6889s	
608/11350 (epoch 2.678), train_loss = 2.45572125, grad/param norm = 4.7265e-01, time/batch = 0.6865s	
609/11350 (epoch 2.683), train_loss = 2.37652358, grad/param norm = 4.7339e-01, time/batch = 0.6860s	
610/11350 (epoch 2.687), train_loss = 2.41182983, grad/param norm = 3.2473e-01, time/batch = 0.6852s	
611/11350 (epoch 2.692), train_loss = 2.69718572, grad/param norm = 4.4199e-01, time/batch = 0.6863s	
612/11350 (epoch 2.696), train_loss = 2.38830175, grad/param norm = 3.9398e-01, time/batch = 0.6999s	
613/11350 (epoch 2.700), train_loss = 2.57283024, grad/param norm = 3.3310e-01, time/batch = 0.6999s	
614/11350 (epoch 2.705), train_loss = 2.50617625, grad/param norm = 3.0912e-01, time/batch = 0.7058s	
615/11350 (epoch 2.709), train_loss = 2.63603820, grad/param norm = 3.9163e-01, time/batch = 0.7013s	
616/11350 (epoch 2.714), train_loss = 2.44360751, grad/param norm = 5.0613e-01, time/batch = 0.7128s	
617/11350 (epoch 2.718), train_loss = 2.56541230, grad/param norm = 4.4784e-01, time/batch = 0.7014s	
618/11350 (epoch 2.722), train_loss = 2.52492103, grad/param norm = 3.8781e-01, time/batch = 0.6983s	
619/11350 (epoch 2.727), train_loss = 2.35164111, grad/param norm = 3.5030e-01, time/batch = 0.6972s	
620/11350 (epoch 2.731), train_loss = 2.43571891, grad/param norm = 3.0881e-01, time/batch = 0.6984s	
621/11350 (epoch 2.736), train_loss = 2.47084237, grad/param norm = 3.0596e-01, time/batch = 0.7080s	
622/11350 (epoch 2.740), train_loss = 2.56989008, grad/param norm = 3.7621e-01, time/batch = 0.7245s	
623/11350 (epoch 2.744), train_loss = 2.57077440, grad/param norm = 4.4502e-01, time/batch = 0.7032s	
624/11350 (epoch 2.749), train_loss = 2.53144059, grad/param norm = 4.0015e-01, time/batch = 0.7099s	
625/11350 (epoch 2.753), train_loss = 2.50620370, grad/param norm = 4.7894e-01, time/batch = 0.7059s	
626/11350 (epoch 2.758), train_loss = 2.31533523, grad/param norm = 5.5139e-01, time/batch = 0.7051s	
627/11350 (epoch 2.762), train_loss = 2.38230633, grad/param norm = 3.3360e-01, time/batch = 0.6992s	
628/11350 (epoch 2.767), train_loss = 2.50214943, grad/param norm = 3.0356e-01, time/batch = 0.7022s	
629/11350 (epoch 2.771), train_loss = 2.44140965, grad/param norm = 3.0570e-01, time/batch = 0.7092s	
630/11350 (epoch 2.775), train_loss = 2.43467970, grad/param norm = 3.0421e-01, time/batch = 0.7075s	
631/11350 (epoch 2.780), train_loss = 2.38435060, grad/param norm = 3.4973e-01, time/batch = 0.6883s	
632/11350 (epoch 2.784), train_loss = 2.35777371, grad/param norm = 3.7199e-01, time/batch = 0.6849s	
633/11350 (epoch 2.789), train_loss = 2.36032525, grad/param norm = 3.9291e-01, time/batch = 0.6861s	
634/11350 (epoch 2.793), train_loss = 2.31262970, grad/param norm = 3.8833e-01, time/batch = 0.6874s	
635/11350 (epoch 2.797), train_loss = 2.23510756, grad/param norm = 3.7730e-01, time/batch = 0.6861s	
636/11350 (epoch 2.802), train_loss = 2.39746518, grad/param norm = 3.9493e-01, time/batch = 0.6863s	
637/11350 (epoch 2.806), train_loss = 2.32719602, grad/param norm = 3.7441e-01, time/batch = 0.6878s	
638/11350 (epoch 2.811), train_loss = 2.52016773, grad/param norm = 4.7637e-01, time/batch = 0.6839s	
639/11350 (epoch 2.815), train_loss = 2.22128943, grad/param norm = 5.8878e-01, time/batch = 0.6849s	
640/11350 (epoch 2.819), train_loss = 2.34539448, grad/param norm = 4.4211e-01, time/batch = 0.6853s	
641/11350 (epoch 2.824), train_loss = 2.43574832, grad/param norm = 3.6575e-01, time/batch = 0.6843s	
642/11350 (epoch 2.828), train_loss = 2.33227254, grad/param norm = 3.6524e-01, time/batch = 0.6894s	
643/11350 (epoch 2.833), train_loss = 2.46650114, grad/param norm = 4.2238e-01, time/batch = 0.6844s	
644/11350 (epoch 2.837), train_loss = 2.26597865, grad/param norm = 3.8575e-01, time/batch = 0.6889s	
645/11350 (epoch 2.841), train_loss = 2.52375924, grad/param norm = 3.0990e-01, time/batch = 0.6824s	
646/11350 (epoch 2.846), train_loss = 2.27131486, grad/param norm = 3.8884e-01, time/batch = 0.6840s	
647/11350 (epoch 2.850), train_loss = 2.47459900, grad/param norm = 3.9415e-01, time/batch = 0.6834s	
648/11350 (epoch 2.855), train_loss = 2.14895084, grad/param norm = 4.3244e-01, time/batch = 0.6903s	
649/11350 (epoch 2.859), train_loss = 2.47990516, grad/param norm = 5.5638e-01, time/batch = 0.6811s	
650/11350 (epoch 2.863), train_loss = 2.16443766, grad/param norm = 4.5064e-01, time/batch = 0.6874s	
651/11350 (epoch 2.868), train_loss = 2.31343772, grad/param norm = 3.0521e-01, time/batch = 0.6833s	
652/11350 (epoch 2.872), train_loss = 2.34737369, grad/param norm = 3.8636e-01, time/batch = 0.6830s	
653/11350 (epoch 2.877), train_loss = 2.38089798, grad/param norm = 3.6510e-01, time/batch = 0.6826s	
654/11350 (epoch 2.881), train_loss = 2.56964210, grad/param norm = 3.7349e-01, time/batch = 0.6815s	
655/11350 (epoch 2.885), train_loss = 2.45058229, grad/param norm = 4.7533e-01, time/batch = 0.7029s	
656/11350 (epoch 2.890), train_loss = 2.32935782, grad/param norm = 3.4797e-01, time/batch = 0.6852s	
657/11350 (epoch 2.894), train_loss = 2.43298165, grad/param norm = 3.6979e-01, time/batch = 0.6806s	
658/11350 (epoch 2.899), train_loss = 2.46595549, grad/param norm = 3.5715e-01, time/batch = 0.6853s	
659/11350 (epoch 2.903), train_loss = 2.68885637, grad/param norm = 3.3787e-01, time/batch = 0.6836s	
660/11350 (epoch 2.907), train_loss = 2.52164979, grad/param norm = 3.3007e-01, time/batch = 0.6810s	
661/11350 (epoch 2.912), train_loss = 2.30941890, grad/param norm = 3.5771e-01, time/batch = 0.6926s	
662/11350 (epoch 2.916), train_loss = 2.48277372, grad/param norm = 4.0879e-01, time/batch = 0.6853s	
663/11350 (epoch 2.921), train_loss = 2.32251101, grad/param norm = 4.2931e-01, time/batch = 0.6822s	
664/11350 (epoch 2.925), train_loss = 2.30285183, grad/param norm = 3.6620e-01, time/batch = 0.6867s	
665/11350 (epoch 2.930), train_loss = 2.35801700, grad/param norm = 3.4315e-01, time/batch = 0.6845s	
666/11350 (epoch 2.934), train_loss = 2.53670860, grad/param norm = 3.7995e-01, time/batch = 0.6885s	
667/11350 (epoch 2.938), train_loss = 2.35394070, grad/param norm = 3.3047e-01, time/batch = 0.6858s	
668/11350 (epoch 2.943), train_loss = 2.52658673, grad/param norm = 2.7474e-01, time/batch = 0.6844s	
669/11350 (epoch 2.947), train_loss = 2.46303524, grad/param norm = 3.4163e-01, time/batch = 0.6836s	
670/11350 (epoch 2.952), train_loss = 2.47688858, grad/param norm = 3.0772e-01, time/batch = 0.6814s	
671/11350 (epoch 2.956), train_loss = 2.42112926, grad/param norm = 4.3179e-01, time/batch = 0.6846s	
672/11350 (epoch 2.960), train_loss = 2.50193058, grad/param norm = 3.8886e-01, time/batch = 0.6872s	
673/11350 (epoch 2.965), train_loss = 2.43771607, grad/param norm = 3.1162e-01, time/batch = 0.6857s	
674/11350 (epoch 2.969), train_loss = 2.49193615, grad/param norm = 3.4700e-01, time/batch = 0.6856s	
675/11350 (epoch 2.974), train_loss = 2.23980181, grad/param norm = 3.1232e-01, time/batch = 0.6894s	
676/11350 (epoch 2.978), train_loss = 2.50912764, grad/param norm = 3.0951e-01, time/batch = 0.6857s	
677/11350 (epoch 2.982), train_loss = 2.11603488, grad/param norm = 3.3971e-01, time/batch = 0.6869s	
678/11350 (epoch 2.987), train_loss = 2.35597644, grad/param norm = 3.7038e-01, time/batch = 0.6897s	
679/11350 (epoch 2.991), train_loss = 2.13180920, grad/param norm = 2.9381e-01, time/batch = 0.6848s	
680/11350 (epoch 2.996), train_loss = 2.47762251, grad/param norm = 3.6726e-01, time/batch = 0.6867s	
681/11350 (epoch 3.000), train_loss = 2.12525096, grad/param norm = 3.4378e-01, time/batch = 0.6882s	
682/11350 (epoch 3.004), train_loss = 2.27744710, grad/param norm = 3.8314e-01, time/batch = 0.6848s	
683/11350 (epoch 3.009), train_loss = 2.63463573, grad/param norm = 8.1804e-01, time/batch = 0.6868s	
684/11350 (epoch 3.013), train_loss = 2.01593121, grad/param norm = 5.5001e-01, time/batch = 0.6837s	
685/11350 (epoch 3.018), train_loss = 2.12723597, grad/param norm = 3.8454e-01, time/batch = 0.6878s	
686/11350 (epoch 3.022), train_loss = 2.01579167, grad/param norm = 3.9389e-01, time/batch = 0.7114s	
687/11350 (epoch 3.026), train_loss = 2.20422190, grad/param norm = 3.0441e-01, time/batch = 0.7172s	
688/11350 (epoch 3.031), train_loss = 1.98528347, grad/param norm = 2.9043e-01, time/batch = 0.6990s	
689/11350 (epoch 3.035), train_loss = 2.22805269, grad/param norm = 2.9142e-01, time/batch = 0.7157s	
690/11350 (epoch 3.040), train_loss = 2.17776511, grad/param norm = 3.3975e-01, time/batch = 0.7081s	
691/11350 (epoch 3.044), train_loss = 2.12452256, grad/param norm = 2.6526e-01, time/batch = 0.6926s	
692/11350 (epoch 3.048), train_loss = 2.16656078, grad/param norm = 2.8938e-01, time/batch = 0.6898s	
693/11350 (epoch 3.053), train_loss = 2.08761878, grad/param norm = 3.4122e-01, time/batch = 0.7090s	
694/11350 (epoch 3.057), train_loss = 2.26953183, grad/param norm = 3.2187e-01, time/batch = 0.7212s	
695/11350 (epoch 3.062), train_loss = 1.92844729, grad/param norm = 2.6708e-01, time/batch = 0.6869s	
696/11350 (epoch 3.066), train_loss = 2.03959076, grad/param norm = 2.9352e-01, time/batch = 0.6833s	
697/11350 (epoch 3.070), train_loss = 2.14790211, grad/param norm = 3.4623e-01, time/batch = 0.6832s	
698/11350 (epoch 3.075), train_loss = 2.03878690, grad/param norm = 4.0304e-01, time/batch = 0.6841s	
699/11350 (epoch 3.079), train_loss = 2.14229026, grad/param norm = 3.2958e-01, time/batch = 0.6855s	
700/11350 (epoch 3.084), train_loss = 2.41758103, grad/param norm = 2.7221e-01, time/batch = 0.6846s	
701/11350 (epoch 3.088), train_loss = 2.25113619, grad/param norm = 3.0478e-01, time/batch = 0.6883s	
702/11350 (epoch 3.093), train_loss = 1.95333718, grad/param norm = 3.2775e-01, time/batch = 0.6856s	
703/11350 (epoch 3.097), train_loss = 2.32842069, grad/param norm = 4.1547e-01, time/batch = 0.6952s	
704/11350 (epoch 3.101), train_loss = 2.11917185, grad/param norm = 4.4673e-01, time/batch = 0.7219s	
705/11350 (epoch 3.106), train_loss = 2.31320853, grad/param norm = 5.0343e-01, time/batch = 0.6922s	
706/11350 (epoch 3.110), train_loss = 2.06609313, grad/param norm = 9.0913e-01, time/batch = 0.6895s	
707/11350 (epoch 3.115), train_loss = 2.13948449, grad/param norm = 4.4347e-01, time/batch = 0.6893s	
708/11350 (epoch 3.119), train_loss = 2.20121550, grad/param norm = 3.5517e-01, time/batch = 0.6998s	
709/11350 (epoch 3.123), train_loss = 2.05599409, grad/param norm = 3.1672e-01, time/batch = 0.7227s	
710/11350 (epoch 3.128), train_loss = 2.09859302, grad/param norm = 2.5407e-01, time/batch = 0.6817s	
711/11350 (epoch 3.132), train_loss = 2.14356077, grad/param norm = 2.7912e-01, time/batch = 0.6921s	
712/11350 (epoch 3.137), train_loss = 1.94518247, grad/param norm = 2.4445e-01, time/batch = 0.6987s	
713/11350 (epoch 3.141), train_loss = 2.17697714, grad/param norm = 2.7068e-01, time/batch = 0.6954s	
714/11350 (epoch 3.145), train_loss = 2.11134840, grad/param norm = 2.7862e-01, time/batch = 0.7217s	
715/11350 (epoch 3.150), train_loss = 2.19880263, grad/param norm = 3.0411e-01, time/batch = 0.6935s	
716/11350 (epoch 3.154), train_loss = 2.20046242, grad/param norm = 3.2720e-01, time/batch = 0.6824s	
717/11350 (epoch 3.159), train_loss = 2.08489720, grad/param norm = 2.8601e-01, time/batch = 0.6819s	
718/11350 (epoch 3.163), train_loss = 2.21923233, grad/param norm = 3.2937e-01, time/batch = 0.6840s	
719/11350 (epoch 3.167), train_loss = 2.29005967, grad/param norm = 3.8085e-01, time/batch = 0.6825s	
720/11350 (epoch 3.172), train_loss = 2.41480085, grad/param norm = 3.3688e-01, time/batch = 0.6866s	
721/11350 (epoch 3.176), train_loss = 2.12245571, grad/param norm = 2.8522e-01, time/batch = 0.6872s	
722/11350 (epoch 3.181), train_loss = 2.16494466, grad/param norm = 3.2623e-01, time/batch = 0.6851s	
723/11350 (epoch 3.185), train_loss = 2.29142711, grad/param norm = 3.1575e-01, time/batch = 0.6907s	
724/11350 (epoch 3.189), train_loss = 2.03699045, grad/param norm = 3.8396e-01, time/batch = 0.6897s	
725/11350 (epoch 3.194), train_loss = 2.02843147, grad/param norm = 4.0751e-01, time/batch = 0.6847s	
726/11350 (epoch 3.198), train_loss = 2.17426014, grad/param norm = 3.6097e-01, time/batch = 0.6861s	
727/11350 (epoch 3.203), train_loss = 2.04546609, grad/param norm = 2.5471e-01, time/batch = 0.6863s	
728/11350 (epoch 3.207), train_loss = 2.15856192, grad/param norm = 3.1003e-01, time/batch = 0.6857s	
729/11350 (epoch 3.211), train_loss = 2.29578175, grad/param norm = 2.8216e-01, time/batch = 0.6842s	
730/11350 (epoch 3.216), train_loss = 2.18815954, grad/param norm = 3.4604e-01, time/batch = 0.6900s	
731/11350 (epoch 3.220), train_loss = 2.22696824, grad/param norm = 3.3368e-01, time/batch = 0.6841s	
732/11350 (epoch 3.225), train_loss = 2.10751208, grad/param norm = 2.8705e-01, time/batch = 0.6856s	
733/11350 (epoch 3.229), train_loss = 2.30956643, grad/param norm = 3.1486e-01, time/batch = 0.6874s	
734/11350 (epoch 3.233), train_loss = 2.14792059, grad/param norm = 3.6951e-01, time/batch = 0.7217s	
735/11350 (epoch 3.238), train_loss = 2.46989689, grad/param norm = 4.9529e-01, time/batch = 0.6948s	
736/11350 (epoch 3.242), train_loss = 2.47446561, grad/param norm = 4.5891e-01, time/batch = 0.6911s	
737/11350 (epoch 3.247), train_loss = 1.99634155, grad/param norm = 3.8066e-01, time/batch = 0.6824s	
738/11350 (epoch 3.251), train_loss = 2.26151670, grad/param norm = 3.3521e-01, time/batch = 0.6864s	
739/11350 (epoch 3.256), train_loss = 2.27890760, grad/param norm = 3.2643e-01, time/batch = 0.6832s	
740/11350 (epoch 3.260), train_loss = 2.27580774, grad/param norm = 3.6756e-01, time/batch = 0.6823s	
741/11350 (epoch 3.264), train_loss = 2.01257355, grad/param norm = 3.7862e-01, time/batch = 0.6840s	
742/11350 (epoch 3.269), train_loss = 2.21573527, grad/param norm = 4.0291e-01, time/batch = 0.6864s	
743/11350 (epoch 3.273), train_loss = 2.27037243, grad/param norm = 3.2711e-01, time/batch = 0.7041s	
744/11350 (epoch 3.278), train_loss = 2.05594719, grad/param norm = 3.2883e-01, time/batch = 0.7057s	
745/11350 (epoch 3.282), train_loss = 2.31796255, grad/param norm = 3.8038e-01, time/batch = 0.7042s	
746/11350 (epoch 3.286), train_loss = 2.31606012, grad/param norm = 4.1909e-01, time/batch = 0.7038s	
747/11350 (epoch 3.291), train_loss = 2.11280715, grad/param norm = 3.9532e-01, time/batch = 0.7024s	
748/11350 (epoch 3.295), train_loss = 2.28356000, grad/param norm = 3.6880e-01, time/batch = 0.7011s	
749/11350 (epoch 3.300), train_loss = 2.13808359, grad/param norm = 2.8062e-01, time/batch = 0.7039s	
750/11350 (epoch 3.304), train_loss = 2.02519299, grad/param norm = 3.0732e-01, time/batch = 0.6860s	
751/11350 (epoch 3.308), train_loss = 2.09064488, grad/param norm = 3.3021e-01, time/batch = 0.6826s	
752/11350 (epoch 3.313), train_loss = 2.09668575, grad/param norm = 4.1050e-01, time/batch = 0.6841s	
753/11350 (epoch 3.317), train_loss = 1.89325894, grad/param norm = 4.1357e-01, time/batch = 0.6830s	
754/11350 (epoch 3.322), train_loss = 2.00847513, grad/param norm = 3.5267e-01, time/batch = 0.7220s	
755/11350 (epoch 3.326), train_loss = 2.11986080, grad/param norm = 3.4964e-01, time/batch = 0.7001s	
756/11350 (epoch 3.330), train_loss = 1.95741331, grad/param norm = 2.8261e-01, time/batch = 0.6818s	
757/11350 (epoch 3.335), train_loss = 1.91416056, grad/param norm = 3.5483e-01, time/batch = 0.6903s	
758/11350 (epoch 3.339), train_loss = 1.99297495, grad/param norm = 3.8085e-01, time/batch = 0.6905s	
759/11350 (epoch 3.344), train_loss = 2.09134782, grad/param norm = 3.7121e-01, time/batch = 0.6858s	
760/11350 (epoch 3.348), train_loss = 2.11407207, grad/param norm = 5.3196e-01, time/batch = 0.6802s	
761/11350 (epoch 3.352), train_loss = 1.85992023, grad/param norm = 4.6518e-01, time/batch = 0.6863s	
762/11350 (epoch 3.357), train_loss = 2.15814159, grad/param norm = 3.1762e-01, time/batch = 0.6830s	
763/11350 (epoch 3.361), train_loss = 1.84169401, grad/param norm = 3.0542e-01, time/batch = 0.6825s	
764/11350 (epoch 3.366), train_loss = 2.22622032, grad/param norm = 3.9967e-01, time/batch = 0.7181s	
765/11350 (epoch 3.370), train_loss = 2.05696658, grad/param norm = 3.0804e-01, time/batch = 0.7053s	
766/11350 (epoch 3.374), train_loss = 2.09603142, grad/param norm = 3.9830e-01, time/batch = 0.6862s	
767/11350 (epoch 3.379), train_loss = 2.22540164, grad/param norm = 3.9026e-01, time/batch = 0.6850s	
768/11350 (epoch 3.383), train_loss = 2.00957493, grad/param norm = 3.5868e-01, time/batch = 0.6822s	
769/11350 (epoch 3.388), train_loss = 2.13167093, grad/param norm = 4.2080e-01, time/batch = 0.6838s	
770/11350 (epoch 3.392), train_loss = 2.18803355, grad/param norm = 3.3215e-01, time/batch = 0.6852s	
771/11350 (epoch 3.396), train_loss = 2.09843889, grad/param norm = 3.1336e-01, time/batch = 0.6907s	
772/11350 (epoch 3.401), train_loss = 1.98211406, grad/param norm = 2.8162e-01, time/batch = 0.7155s	
773/11350 (epoch 3.405), train_loss = 2.15311691, grad/param norm = 2.8784e-01, time/batch = 0.7145s	
774/11350 (epoch 3.410), train_loss = 2.42004779, grad/param norm = 3.0027e-01, time/batch = 0.7230s	
775/11350 (epoch 3.414), train_loss = 1.95276840, grad/param norm = 3.0689e-01, time/batch = 0.7086s	
776/11350 (epoch 3.419), train_loss = 2.51103939, grad/param norm = 4.2939e-01, time/batch = 0.6903s	
777/11350 (epoch 3.423), train_loss = 2.37340363, grad/param norm = 4.0130e-01, time/batch = 0.6901s	
778/11350 (epoch 3.427), train_loss = 2.26899893, grad/param norm = 2.4734e-01, time/batch = 0.6921s	
779/11350 (epoch 3.432), train_loss = 2.52733579, grad/param norm = 4.1378e-01, time/batch = 0.6950s	
780/11350 (epoch 3.436), train_loss = 2.31520317, grad/param norm = 3.0500e-01, time/batch = 0.7019s	
781/11350 (epoch 3.441), train_loss = 2.26913799, grad/param norm = 2.9292e-01, time/batch = 0.7278s	
782/11350 (epoch 3.445), train_loss = 1.81886125, grad/param norm = 2.7263e-01, time/batch = 0.6898s	
783/11350 (epoch 3.449), train_loss = 2.05927254, grad/param norm = 3.5726e-01, time/batch = 0.6873s	
784/11350 (epoch 3.454), train_loss = 2.14110371, grad/param norm = 3.6885e-01, time/batch = 0.7201s	
785/11350 (epoch 3.458), train_loss = 1.98078108, grad/param norm = 3.3724e-01, time/batch = 0.7371s	
786/11350 (epoch 3.463), train_loss = 2.08115485, grad/param norm = 2.9754e-01, time/batch = 0.6992s	
787/11350 (epoch 3.467), train_loss = 2.31690776, grad/param norm = 2.7567e-01, time/batch = 0.6897s	
788/11350 (epoch 3.471), train_loss = 2.27501308, grad/param norm = 3.3953e-01, time/batch = 0.6898s	
789/11350 (epoch 3.476), train_loss = 2.12586340, grad/param norm = 3.3760e-01, time/batch = 0.7007s	
790/11350 (epoch 3.480), train_loss = 2.46708228, grad/param norm = 3.7166e-01, time/batch = 0.6844s	
791/11350 (epoch 3.485), train_loss = 2.06511544, grad/param norm = 3.2430e-01, time/batch = 0.6856s	
792/11350 (epoch 3.489), train_loss = 2.32318177, grad/param norm = 3.0910e-01, time/batch = 0.6864s	
793/11350 (epoch 3.493), train_loss = 2.19633485, grad/param norm = 2.6733e-01, time/batch = 0.6856s	
794/11350 (epoch 3.498), train_loss = 1.90758560, grad/param norm = 2.7142e-01, time/batch = 0.6841s	
795/11350 (epoch 3.502), train_loss = 2.26512270, grad/param norm = 3.0028e-01, time/batch = 0.6850s	
796/11350 (epoch 3.507), train_loss = 2.04701564, grad/param norm = 3.0123e-01, time/batch = 0.6826s	
797/11350 (epoch 3.511), train_loss = 2.25874166, grad/param norm = 3.5645e-01, time/batch = 0.6827s	
798/11350 (epoch 3.515), train_loss = 2.11581605, grad/param norm = 3.4298e-01, time/batch = 0.6827s	
799/11350 (epoch 3.520), train_loss = 2.29242616, grad/param norm = 3.7010e-01, time/batch = 0.6835s	
800/11350 (epoch 3.524), train_loss = 2.19508526, grad/param norm = 4.1612e-01, time/batch = 0.6853s	
801/11350 (epoch 3.529), train_loss = 2.29466743, grad/param norm = 3.3560e-01, time/batch = 0.6861s	
802/11350 (epoch 3.533), train_loss = 2.26506225, grad/param norm = 2.8715e-01, time/batch = 0.6872s	
803/11350 (epoch 3.537), train_loss = 2.18135537, grad/param norm = 3.0970e-01, time/batch = 0.6837s	
804/11350 (epoch 3.542), train_loss = 2.35109313, grad/param norm = 2.7776e-01, time/batch = 0.6838s	
805/11350 (epoch 3.546), train_loss = 2.52288395, grad/param norm = 4.2533e-01, time/batch = 0.6818s	
806/11350 (epoch 3.551), train_loss = 2.21207564, grad/param norm = 3.7782e-01, time/batch = 0.6840s	
807/11350 (epoch 3.555), train_loss = 2.35374227, grad/param norm = 4.9852e-01, time/batch = 0.6829s	
808/11350 (epoch 3.559), train_loss = 2.06285651, grad/param norm = 3.7807e-01, time/batch = 0.6809s	
809/11350 (epoch 3.564), train_loss = 2.19120626, grad/param norm = 3.4128e-01, time/batch = 0.6842s	
810/11350 (epoch 3.568), train_loss = 2.32321697, grad/param norm = 3.1948e-01, time/batch = 0.6862s	
811/11350 (epoch 3.573), train_loss = 2.36274540, grad/param norm = 2.9740e-01, time/batch = 0.6899s	
812/11350 (epoch 3.577), train_loss = 2.34147159, grad/param norm = 3.0891e-01, time/batch = 0.6855s	
813/11350 (epoch 3.581), train_loss = 2.21756454, grad/param norm = 3.7840e-01, time/batch = 0.6864s	
814/11350 (epoch 3.586), train_loss = 2.30384053, grad/param norm = 2.9191e-01, time/batch = 0.6790s	
815/11350 (epoch 3.590), train_loss = 2.45690217, grad/param norm = 3.0118e-01, time/batch = 0.6815s	
816/11350 (epoch 3.595), train_loss = 2.38760362, grad/param norm = 3.0881e-01, time/batch = 0.6838s	
817/11350 (epoch 3.599), train_loss = 2.18030975, grad/param norm = 2.9641e-01, time/batch = 0.6827s	
818/11350 (epoch 3.604), train_loss = 2.21838074, grad/param norm = 2.5783e-01, time/batch = 0.6812s	
819/11350 (epoch 3.608), train_loss = 2.46059859, grad/param norm = 4.3104e-01, time/batch = 0.6884s	
820/11350 (epoch 3.612), train_loss = 2.05103757, grad/param norm = 3.6664e-01, time/batch = 0.6812s	
821/11350 (epoch 3.617), train_loss = 2.47676373, grad/param norm = 3.4208e-01, time/batch = 0.6818s	
822/11350 (epoch 3.621), train_loss = 2.20455279, grad/param norm = 4.1858e-01, time/batch = 0.6922s	
823/11350 (epoch 3.626), train_loss = 2.25656082, grad/param norm = 3.4879e-01, time/batch = 0.6872s	
824/11350 (epoch 3.630), train_loss = 2.37835390, grad/param norm = 2.7561e-01, time/batch = 0.6861s	
825/11350 (epoch 3.634), train_loss = 2.39048578, grad/param norm = 3.3017e-01, time/batch = 0.6871s	
826/11350 (epoch 3.639), train_loss = 2.15486019, grad/param norm = 3.0747e-01, time/batch = 0.6853s	
827/11350 (epoch 3.643), train_loss = 2.18560339, grad/param norm = 3.8849e-01, time/batch = 0.6843s	
828/11350 (epoch 3.648), train_loss = 2.23505612, grad/param norm = 3.2582e-01, time/batch = 0.6882s	
829/11350 (epoch 3.652), train_loss = 2.11026358, grad/param norm = 2.9015e-01, time/batch = 0.7215s	
830/11350 (epoch 3.656), train_loss = 2.30701282, grad/param norm = 3.3400e-01, time/batch = 0.6979s	
831/11350 (epoch 3.661), train_loss = 2.30360484, grad/param norm = 2.8391e-01, time/batch = 0.6890s	
832/11350 (epoch 3.665), train_loss = 2.23035292, grad/param norm = 3.1009e-01, time/batch = 0.6911s	
833/11350 (epoch 3.670), train_loss = 2.33418166, grad/param norm = 3.2657e-01, time/batch = 0.7049s	
834/11350 (epoch 3.674), train_loss = 2.25215371, grad/param norm = 3.5812e-01, time/batch = 0.6961s	
835/11350 (epoch 3.678), train_loss = 2.23809746, grad/param norm = 3.6845e-01, time/batch = 0.6882s	
836/11350 (epoch 3.683), train_loss = 2.19989702, grad/param norm = 3.5976e-01, time/batch = 0.6866s	
837/11350 (epoch 3.687), train_loss = 2.22335126, grad/param norm = 2.8618e-01, time/batch = 0.6884s	
838/11350 (epoch 3.692), train_loss = 2.51963600, grad/param norm = 3.6797e-01, time/batch = 0.6851s	
839/11350 (epoch 3.696), train_loss = 2.19143579, grad/param norm = 3.3992e-01, time/batch = 0.7220s	
840/11350 (epoch 3.700), train_loss = 2.36240552, grad/param norm = 2.8870e-01, time/batch = 0.6993s	
841/11350 (epoch 3.705), train_loss = 2.32302943, grad/param norm = 2.8519e-01, time/batch = 0.6876s	
842/11350 (epoch 3.709), train_loss = 2.43850964, grad/param norm = 3.1274e-01, time/batch = 0.6876s	
843/11350 (epoch 3.714), train_loss = 2.18333998, grad/param norm = 2.9033e-01, time/batch = 0.6871s	
844/11350 (epoch 3.718), train_loss = 2.33577229, grad/param norm = 2.9984e-01, time/batch = 0.6845s	
845/11350 (epoch 3.722), train_loss = 2.31959563, grad/param norm = 3.2720e-01, time/batch = 0.6867s	
846/11350 (epoch 3.727), train_loss = 2.18007373, grad/param norm = 2.9673e-01, time/batch = 0.6838s	
847/11350 (epoch 3.731), train_loss = 2.25819336, grad/param norm = 2.6849e-01, time/batch = 0.6871s	
848/11350 (epoch 3.736), train_loss = 2.29455699, grad/param norm = 2.8145e-01, time/batch = 0.6864s	
849/11350 (epoch 3.740), train_loss = 2.35065982, grad/param norm = 2.9608e-01, time/batch = 0.6847s	
850/11350 (epoch 3.744), train_loss = 2.41226410, grad/param norm = 3.5611e-01, time/batch = 0.6868s	
851/11350 (epoch 3.749), train_loss = 2.35619903, grad/param norm = 3.6358e-01, time/batch = 0.6864s	
852/11350 (epoch 3.753), train_loss = 2.32083579, grad/param norm = 4.7363e-01, time/batch = 0.6873s	
853/11350 (epoch 3.758), train_loss = 2.13459785, grad/param norm = 4.9571e-01, time/batch = 0.6874s	
854/11350 (epoch 3.762), train_loss = 2.19355420, grad/param norm = 3.4325e-01, time/batch = 0.6860s	
855/11350 (epoch 3.767), train_loss = 2.31504121, grad/param norm = 3.1212e-01, time/batch = 0.6851s	
856/11350 (epoch 3.771), train_loss = 2.24132793, grad/param norm = 2.9075e-01, time/batch = 0.6860s	
857/11350 (epoch 3.775), train_loss = 2.19652533, grad/param norm = 2.8854e-01, time/batch = 0.6885s	
858/11350 (epoch 3.780), train_loss = 2.18485799, grad/param norm = 2.8461e-01, time/batch = 0.7033s	
859/11350 (epoch 3.784), train_loss = 2.15289162, grad/param norm = 3.0970e-01, time/batch = 0.7244s	
860/11350 (epoch 3.789), train_loss = 2.18485092, grad/param norm = 3.3265e-01, time/batch = 0.9030s	
861/11350 (epoch 3.793), train_loss = 2.15391604, grad/param norm = 3.4561e-01, time/batch = 1.0505s	
862/11350 (epoch 3.797), train_loss = 2.04893452, grad/param norm = 3.2329e-01, time/batch = 1.0075s	
863/11350 (epoch 3.802), train_loss = 2.23747228, grad/param norm = 3.3070e-01, time/batch = 1.0098s	
864/11350 (epoch 3.806), train_loss = 2.12441953, grad/param norm = 2.8867e-01, time/batch = 1.0073s	
865/11350 (epoch 3.811), train_loss = 2.28821806, grad/param norm = 3.6198e-01, time/batch = 0.7728s	
866/11350 (epoch 3.815), train_loss = 1.97876424, grad/param norm = 4.0167e-01, time/batch = 0.7081s	
867/11350 (epoch 3.819), train_loss = 2.14836696, grad/param norm = 3.1335e-01, time/batch = 0.7331s	
868/11350 (epoch 3.824), train_loss = 2.22049409, grad/param norm = 3.0967e-01, time/batch = 0.7078s	
869/11350 (epoch 3.828), train_loss = 2.17710988, grad/param norm = 3.8801e-01, time/batch = 0.6832s	
870/11350 (epoch 3.833), train_loss = 2.28452705, grad/param norm = 4.3961e-01, time/batch = 0.6875s	
871/11350 (epoch 3.837), train_loss = 2.10290907, grad/param norm = 3.5347e-01, time/batch = 0.6903s	
872/11350 (epoch 3.841), train_loss = 2.39012321, grad/param norm = 3.8179e-01, time/batch = 0.7015s	
873/11350 (epoch 3.846), train_loss = 2.08674816, grad/param norm = 3.6990e-01, time/batch = 0.6861s	
874/11350 (epoch 3.850), train_loss = 2.25964403, grad/param norm = 3.5733e-01, time/batch = 0.6832s	
875/11350 (epoch 3.855), train_loss = 1.94544412, grad/param norm = 3.1490e-01, time/batch = 0.6825s	
876/11350 (epoch 3.859), train_loss = 2.26972181, grad/param norm = 3.6828e-01, time/batch = 0.6894s	
877/11350 (epoch 3.863), train_loss = 1.95728136, grad/param norm = 3.2228e-01, time/batch = 0.7216s	
878/11350 (epoch 3.868), train_loss = 2.16463997, grad/param norm = 2.5132e-01, time/batch = 0.6969s	
879/11350 (epoch 3.872), train_loss = 2.17574574, grad/param norm = 3.0397e-01, time/batch = 0.7046s	
880/11350 (epoch 3.877), train_loss = 2.18974300, grad/param norm = 3.3405e-01, time/batch = 0.7038s	
881/11350 (epoch 3.881), train_loss = 2.41275000, grad/param norm = 3.5410e-01, time/batch = 0.6968s	
882/11350 (epoch 3.885), train_loss = 2.30145516, grad/param norm = 3.1260e-01, time/batch = 0.6838s	
883/11350 (epoch 3.890), train_loss = 2.13897679, grad/param norm = 2.3109e-01, time/batch = 0.6844s	
884/11350 (epoch 3.894), train_loss = 2.16529370, grad/param norm = 2.9687e-01, time/batch = 0.6906s	
885/11350 (epoch 3.899), train_loss = 2.26236208, grad/param norm = 3.0146e-01, time/batch = 0.6871s	
886/11350 (epoch 3.903), train_loss = 2.50441872, grad/param norm = 2.9376e-01, time/batch = 0.7908s	
887/11350 (epoch 3.907), train_loss = 2.36755518, grad/param norm = 3.6663e-01, time/batch = 1.0471s	
888/11350 (epoch 3.912), train_loss = 2.15148072, grad/param norm = 3.1741e-01, time/batch = 1.0083s	
889/11350 (epoch 3.916), train_loss = 2.29239282, grad/param norm = 2.6219e-01, time/batch = 1.0025s	
890/11350 (epoch 3.921), train_loss = 2.16208417, grad/param norm = 3.1705e-01, time/batch = 1.0172s	
891/11350 (epoch 3.925), train_loss = 2.07717961, grad/param norm = 2.6306e-01, time/batch = 1.3945s	
892/11350 (epoch 3.930), train_loss = 2.20468234, grad/param norm = 2.4527e-01, time/batch = 1.9039s	
893/11350 (epoch 3.934), train_loss = 2.34866253, grad/param norm = 3.1109e-01, time/batch = 1.8590s	
894/11350 (epoch 3.938), train_loss = 2.14497652, grad/param norm = 3.0218e-01, time/batch = 16.5567s	
895/11350 (epoch 3.943), train_loss = 2.34100740, grad/param norm = 2.8396e-01, time/batch = 18.4629s	
896/11350 (epoch 3.947), train_loss = 2.31354451, grad/param norm = 3.0473e-01, time/batch = 18.3787s	
897/11350 (epoch 3.952), train_loss = 2.28390168, grad/param norm = 3.0050e-01, time/batch = 19.9522s	
898/11350 (epoch 3.956), train_loss = 2.14751311, grad/param norm = 4.3278e-01, time/batch = 19.0272s	
899/11350 (epoch 3.960), train_loss = 2.33021624, grad/param norm = 5.1126e-01, time/batch = 18.7884s	
900/11350 (epoch 3.965), train_loss = 2.21918245, grad/param norm = 3.3457e-01, time/batch = 19.8728s	
901/11350 (epoch 3.969), train_loss = 2.29931674, grad/param norm = 3.2048e-01, time/batch = 17.0427s	
902/11350 (epoch 3.974), train_loss = 1.98105598, grad/param norm = 2.8942e-01, time/batch = 19.3546s	
903/11350 (epoch 3.978), train_loss = 2.32819839, grad/param norm = 3.2367e-01, time/batch = 18.5996s	
904/11350 (epoch 3.982), train_loss = 1.95264836, grad/param norm = 2.9902e-01, time/batch = 18.7762s	
905/11350 (epoch 3.987), train_loss = 2.12870664, grad/param norm = 2.8754e-01, time/batch = 17.5334s	
906/11350 (epoch 3.991), train_loss = 1.91170182, grad/param norm = 2.6688e-01, time/batch = 19.6303s	
907/11350 (epoch 3.996), train_loss = 2.33039385, grad/param norm = 3.3252e-01, time/batch = 19.2794s	
908/11350 (epoch 4.000), train_loss = 1.89490206, grad/param norm = 2.6593e-01, time/batch = 17.6926s	
909/11350 (epoch 4.004), train_loss = 2.11104381, grad/param norm = 3.1978e-01, time/batch = 20.0334s	
910/11350 (epoch 4.009), train_loss = 2.38685308, grad/param norm = 4.8454e-01, time/batch = 18.5972s	
911/11350 (epoch 4.013), train_loss = 1.68539354, grad/param norm = 4.0897e-01, time/batch = 18.6967s	
912/11350 (epoch 4.018), train_loss = 1.80709760, grad/param norm = 3.2837e-01, time/batch = 19.6334s	
913/11350 (epoch 4.022), train_loss = 1.77070902, grad/param norm = 3.6786e-01, time/batch = 18.6301s	
914/11350 (epoch 4.026), train_loss = 1.97352729, grad/param norm = 2.9657e-01, time/batch = 16.5354s	
915/11350 (epoch 4.031), train_loss = 1.72758344, grad/param norm = 2.6157e-01, time/batch = 19.3675s	
916/11350 (epoch 4.035), train_loss = 1.94138256, grad/param norm = 2.7392e-01, time/batch = 20.0298s	
917/11350 (epoch 4.040), train_loss = 1.93563953, grad/param norm = 3.3141e-01, time/batch = 18.9498s	
918/11350 (epoch 4.044), train_loss = 1.90438612, grad/param norm = 2.5949e-01, time/batch = 20.0325s	
919/11350 (epoch 4.048), train_loss = 1.92030187, grad/param norm = 2.6253e-01, time/batch = 19.4539s	
920/11350 (epoch 4.053), train_loss = 1.83408209, grad/param norm = 2.6651e-01, time/batch = 18.6729s	
921/11350 (epoch 4.057), train_loss = 2.06136059, grad/param norm = 2.9501e-01, time/batch = 19.9318s	
922/11350 (epoch 4.062), train_loss = 1.69600496, grad/param norm = 2.7210e-01, time/batch = 16.8010s	
923/11350 (epoch 4.066), train_loss = 1.76111016, grad/param norm = 3.3366e-01, time/batch = 20.9522s	
924/11350 (epoch 4.070), train_loss = 1.92724360, grad/param norm = 3.5463e-01, time/batch = 16.2537s	
925/11350 (epoch 4.075), train_loss = 1.81690438, grad/param norm = 3.1115e-01, time/batch = 20.1159s	
926/11350 (epoch 4.079), train_loss = 1.92206314, grad/param norm = 2.7334e-01, time/batch = 19.3687s	
927/11350 (epoch 4.084), train_loss = 2.24376212, grad/param norm = 2.7349e-01, time/batch = 18.0277s	
928/11350 (epoch 4.088), train_loss = 2.06322983, grad/param norm = 3.1635e-01, time/batch = 19.0475s	
929/11350 (epoch 4.093), train_loss = 1.78346775, grad/param norm = 2.7977e-01, time/batch = 20.1209s	
930/11350 (epoch 4.097), train_loss = 2.07803955, grad/param norm = 3.1187e-01, time/batch = 18.4623s	
931/11350 (epoch 4.101), train_loss = 1.89242483, grad/param norm = 3.0816e-01, time/batch = 18.5251s	
932/11350 (epoch 4.106), train_loss = 2.11460336, grad/param norm = 3.0925e-01, time/batch = 18.8820s	
933/11350 (epoch 4.110), train_loss = 1.79594950, grad/param norm = 2.5788e-01, time/batch = 18.5406s	
934/11350 (epoch 4.115), train_loss = 1.85669151, grad/param norm = 2.6612e-01, time/batch = 18.7086s	
935/11350 (epoch 4.119), train_loss = 1.98931465, grad/param norm = 2.5017e-01, time/batch = 18.2926s	
936/11350 (epoch 4.123), train_loss = 1.85345300, grad/param norm = 3.2086e-01, time/batch = 18.7796s	
937/11350 (epoch 4.128), train_loss = 1.90107729, grad/param norm = 2.8412e-01, time/batch = 19.6251s	
938/11350 (epoch 4.132), train_loss = 1.97628152, grad/param norm = 3.0710e-01, time/batch = 18.7138s	
939/11350 (epoch 4.137), train_loss = 1.72869331, grad/param norm = 2.6416e-01, time/batch = 20.2807s	
940/11350 (epoch 4.141), train_loss = 1.99118250, grad/param norm = 2.7662e-01, time/batch = 19.5036s	
941/11350 (epoch 4.145), train_loss = 1.87053774, grad/param norm = 2.3724e-01, time/batch = 17.1097s	
942/11350 (epoch 4.150), train_loss = 1.99829838, grad/param norm = 2.6291e-01, time/batch = 18.7775s	
943/11350 (epoch 4.154), train_loss = 2.04204349, grad/param norm = 2.9914e-01, time/batch = 19.6812s	
944/11350 (epoch 4.159), train_loss = 1.89218631, grad/param norm = 2.5503e-01, time/batch = 18.9496s	
945/11350 (epoch 4.163), train_loss = 2.02405522, grad/param norm = 2.7171e-01, time/batch = 20.6289s	
946/11350 (epoch 4.167), train_loss = 2.12518410, grad/param norm = 3.0983e-01, time/batch = 18.5171s	
947/11350 (epoch 4.172), train_loss = 2.25445456, grad/param norm = 2.9994e-01, time/batch = 16.2457s	
948/11350 (epoch 4.176), train_loss = 1.96002804, grad/param norm = 2.8391e-01, time/batch = 19.2852s	
949/11350 (epoch 4.181), train_loss = 2.00999446, grad/param norm = 3.3814e-01, time/batch = 16.7764s	
950/11350 (epoch 4.185), train_loss = 2.07757347, grad/param norm = 2.9286e-01, time/batch = 17.6164s	
951/11350 (epoch 4.189), train_loss = 1.81907366, grad/param norm = 2.9718e-01, time/batch = 17.8002s	
952/11350 (epoch 4.194), train_loss = 1.83053968, grad/param norm = 3.4039e-01, time/batch = 18.2028s	
953/11350 (epoch 4.198), train_loss = 2.02023710, grad/param norm = 3.8694e-01, time/batch = 19.6246s	
954/11350 (epoch 4.203), train_loss = 1.83536567, grad/param norm = 2.9232e-01, time/batch = 19.4672s	
955/11350 (epoch 4.207), train_loss = 1.94839448, grad/param norm = 2.9071e-01, time/batch = 19.7671s	
