Sat Jun 17 22:00:01 UTC 2017
Sat Jun 17 22:00:05 UTC 2017
Sat Jun 17 22:00:09 UTC 2017
Sat Jun 17 22:00:13 UTC 2017
Sat Jun 17 22:00:18 UTC 2017
Sat Jun 17 22:00:22 UTC 2017
Sat Jun 17 22:00:26 UTC 2017
Sat Jun 17 22:00:30 UTC 2017
Sun Jun 18 22:00:07 UTC 2017
Sun Jun 18 22:00:20 UTC 2017
Sun Jun 18 22:00:26 UTC 2017
Sun Jun 18 22:00:32 UTC 2017
Mon Jun 19 22:00:08 UTC 2017
Mon Jun 19 22:00:15 UTC 2017
Mon Jun 19 22:00:17 UTC 2017
Mon Jun 19 22:00:19 UTC 2017
Mon Jun 19 22:00:21 UTC 2017
Mon Jun 19 22:00:22 UTC 2017
Mon Jun 19 22:00:25 UTC 2017
Mon Jun 19 22:00:27 UTC 2017
Mon Jun 19 22:00:29 UTC 2017
Mon Jun 19 22:00:31 UTC 2017
Tue Jun 20 22:00:01 UTC 2017
Tue Jun 20 22:00:02 UTC 2017
Tue Jun 20 22:00:03 UTC 2017
Tue Jun 20 22:00:03 UTC 2017
Wed Jun 21 22:00:06 UTC 2017
Wed Jun 21 22:00:12 UTC 2017
